    
    
########################################################################## 
[Tue 01/17/2017 12:42:18.13] - Begin [D:\Utils\Scripts\ClearCacheSingleDomain.cmd] 
[Tue 01/17/2017 12:42:18.13] - Validating values from properties file [D:\Utils\Scripts\HR92SBXdomain.properties] 
[Tue 01/17/2017 12:42:18.30] - Successful Validation of values from Properties file [D:\Utils\Scripts\HR92SBXdomain.properties] 
[Tue 01/17/2017 12:42:18.30] - Stopping App/Prcs Service [PeopleSoft_D__PeopleSoft_HR92SBX_HR92SBX_CFGHOME] 
[Tue 01/17/2017 12:42:18.32] - [PeopleSoft_D__PeopleSoft_HR92SBX_HR92SBX_CFGHOME] Service Status (Loop 1): RUNNING 
[Tue 01/17/2017 12:42:18.32] - Waiting for 2 minutes after stopping PS service [PeopleSoft_D__PeopleSoft_HR92SBX_HR92SBX_CFGHOME] 
[Tue 01/17/2017 12:45:33.14] - [PeopleSoft_D__PeopleSoft_HR92SBX_HR92SBX_CFGHOME] Service Status (Loop 2): STOPPED 
[Tue 01/17/2017 12:45:33.14] - Stopped App/Prcs Service [PeopleSoft_D__PeopleSoft_HR92SBX_HR92SBX_CFGHOME] 
[Tue 01/17/2017 12:45:33.14] - Stopping PIA Service [HR92SBX-PIA] 
[Tue 01/17/2017 12:45:33.16] - [HR92SBX-PIA] Service Status (Loop 1): RUNNING 
[Tue 01/17/2017 12:45:33.17] - Waiting for 10 seconds after stopping PIA service [HR92SBX-PIA] 
[Tue 01/17/2017 12:45:55.13] - [HR92SBX-PIA] Service Status (Loop 2): STOPPED 
[Tue 01/17/2017 12:45:55.13] - Stopped PIA Service [HR92SBX-PIA] 
[Tue 01/17/2017 12:45:55.13] - Starting Clean IPC and Clear Cache 
[Tue 01/17/2017 12:46:14.39] - Completed - Clean IPC and Clear Cache 
[Tue 01/17/2017 12:46:14.39] - Starting PIA Cache Clean 
[Tue 01/17/2017 12:46:15.03] - Completed - PIA Cache Clean 
[Tue 01/17/2017 12:46:15.03] - Starting App/Prcs Service [PeopleSoft_D__PeopleSoft_HR92SBX_HR92SBX_CFGHOME] 
[Tue 01/17/2017 12:46:32.69] - Waiting for 2 minutes after starting PS service [PeopleSoft_D__PeopleSoft_HR92SBX_HR92SBX_CFGHOME] 
[Tue 01/17/2017 12:48:32.17] - [PeopleSoft_D__PeopleSoft_HR92SBX_HR92SBX_CFGHOME] Service Status (Loop 1): START_PENDING 
[Tue 01/17/2017 12:48:47.15] - [PeopleSoft_D__PeopleSoft_HR92SBX_HR92SBX_CFGHOME] Service Status (Loop 2): RUNNING 
[Tue 01/17/2017 12:48:47.15] - Started App/Prcs Service [PeopleSoft_D__PeopleSoft_HR92SBX_HR92SBX_CFGHOME] 
[Tue 01/17/2017 12:48:47.15] - Checking if JOLT port [9040] is alive 
[Tue 01/17/2017 12:48:47.45] - Successful. JOLT Port [9040] is Active.    
[Tue 01/17/2017 12:48:47.45] - Starting PIA Service [HR92SBX-PIA] 
[Tue 01/17/2017 12:48:49.57] - Waiting for 10 seconds after starting PIA service [HR92SBX-PIA] 
[Tue 01/17/2017 12:48:59.31] - [HR92SBX-PIA] Service Status (Loop 1): RUNNING 
[Tue 01/17/2017 12:48:59.32] - Started PIA Service [HR92SBX-PIA] 
[Tue 01/17/2017 12:48:59.32] - Checking if PIA port [8040] is alive 
[Tue 01/17/2017 12:49:31.84] - WARNING. PIA Server [HR92SBX - HR92SBX] Port [8040] is not active. Please check. 
[Tue 01/17/2017 12:49:32.82] - Dumping App/Prcs statuses using psadmin 

> tmadmin - Copyright (c) 1996-2012 Oracle.
Portions * Copyright 1986-1997 RSA Data Security, Inc.
All Rights Reserved.
Distributed under license by Oracle.
Tuxedo is a registered trademark.
Prog Name      Queue Name  Grp Name      ID RqDone Load Done Current Service
---------      ----------  --------      -- ------ --------- ---------------
BBL.exe        47825       HCMDEVA+       0     24      1200 (  IDLE )
PSMONITORSRV.e MONITOR     MONITOR        1      0         0 (  IDLE )
PSANALYTICSRV. 00080.00001 ANALYTI+       1      0         0 (  IDLE )
PSAPPSRV.exe   APPQ        APPSRV         1      0         0 (  IDLE )
PSWATCHSRV.exe WATCH       WATCH          1      0         0 (  IDLE )
PSANALYTICSRV. 00080.00002 ANALYTI+       2      0         0 (  IDLE )
PSAPPSRV.exe   APPQ        APPSRV         2      2       100 (  IDLE )
PSANALYTICSRV. 00080.00003 ANALYTI+       3      0         0 (  IDLE )
JREPSVR.exe    00094.00250 JREPGRP      250      0         0 (  IDLE )
PSSUBDSP.exe   SUBDQ_dflt  PUBSUB       300      0         0 (  IDLE )
PSSUBHND.exe   SUBHQ_dflt  PUBSUB       301      0         0 (  IDLE )
PSSUBHND.exe   SUBHQ_dflt  PUBSUB       302      0         0 (  IDLE )
PSSUBHND.exe   SUBHQ_dflt  PUBSUB       303      0         0 (  IDLE )
JSL.exe        00095.00200 JSLGRP       200      0         0 (  IDLE )
PSPUBDSP.exe   PUBDQ_dflt  PUBSUB       200      0         0 (  IDLE )
PSPUBHND.exe   PUBHQ_dflt  PUBSUB       201      0         0 (  IDLE )
PSPUBHND.exe   PUBHQ_dflt  PUBSUB       202      0         0 (  IDLE )
PSPUBHND.exe   PUBHQ_dflt  PUBSUB       203      0         0 (  IDLE )
PSBRKDSP.exe   BRKDQ_dflt  PUBSUB       100      0         0 (  IDLE )
PSSAMSRV.exe   SAMQ        APPSRV       100      0         0 (  IDLE )
PSPPMSRV.exe   PPMQ2       PPMGRP       100     21      1050 (  IDLE )
PSBRKHND.exe   BRKHQ_dflt  PUBSUB       101      0         0 (  IDLE )
PSRENSRV.exe   RENQ1       RENGRP       101      0         0 (  IDLE )
PSBRKHND.exe   BRKHQ_dflt  PUBSUB       102      0         0 (  IDLE )
PSBRKHND.exe   BRKHQ_dflt  PUBSUB       103      0         0 (  IDLE )

> 
> tmadmin - Copyright (c) 1996-2012 Oracle.
Portions * Copyright 1986-1997 RSA Data Security, Inc.
All Rights Reserved.
Distributed under license by Oracle.
Tuxedo is a registered trademark.
Prog Name      Queue Name  Grp Name      ID RqDone Load Done Current Service
---------      ----------  --------      -- ------ --------- ---------------
BBL.exe        39768       HCMDEVA+       0      8       400 (  IDLE )
PSMONITORSRV.e MONITOR     MONITOR        1      0         0 (  IDLE )
PSAESRV.exe    00101.00001 AESRV          1      0         0 (  IDLE )
PSPPMSRV.exe   PPMQ2       PPMGRP       100      6       300 (  IDLE )
PSPRCSRV.exe   SCHEDQ      BASE         101      0         0 (  IDLE )
PSMSTPRC.exe   MSTRSCHQ    BASE         102      0         0 (  IDLE )
PSDSTSRV.exe   DSTQ        BASE         103      0         0 (  IDLE )

> [Tue 01/17/2017 12:49:43.44] - PIA status 

Status Check Successful
[Tue 01/17/2017 12:49:46.47] - Finished [D:\Utils\Scripts\ClearCacheSingleDomain.cmd] 
########################################################################## 
    
    
########################################################################## 
[Tue 01/17/2017 13:13:20.10] - Begin [D:\Utils\Scripts\ClearCacheSingleDomain.cmd] 
[Tue 01/17/2017 13:13:20.10] - Validating values from properties file [D:\Utils\Scripts\HR92SBXdomain.properties] 
[Tue 01/17/2017 13:13:20.42] - Successful Validation of values from Properties file [D:\Utils\Scripts\HR92SBXdomain.properties] 
[Tue 01/17/2017 13:13:20.43] - Stopping App/Prcs Service [PeopleSoft_D__PeopleSoft_HR92SBX_HR92SBX_CFGHOME] 
[Tue 01/17/2017 13:13:20.45] - [PeopleSoft_D__PeopleSoft_HR92SBX_HR92SBX_CFGHOME] Service Status (Loop 1): RUNNING 
[Tue 01/17/2017 13:13:20.46] - Waiting for 2 minutes after stopping PS service [PeopleSoft_D__PeopleSoft_HR92SBX_HR92SBX_CFGHOME] 
[Tue 01/17/2017 13:16:35.18] - [PeopleSoft_D__PeopleSoft_HR92SBX_HR92SBX_CFGHOME] Service Status (Loop 2): STOPPED 
[Tue 01/17/2017 13:16:35.18] - Stopped App/Prcs Service [PeopleSoft_D__PeopleSoft_HR92SBX_HR92SBX_CFGHOME] 
[Tue 01/17/2017 13:16:35.18] - Stopping PIA Service [HR92SBX-PIA] 
[Tue 01/17/2017 13:16:35.20] - [HR92SBX-PIA] Service Status (Loop 1): RUNNING 
[Tue 01/17/2017 13:16:35.20] - Waiting for 10 seconds after stopping PIA service [HR92SBX-PIA] 
[Tue 01/17/2017 13:16:57.18] - [HR92SBX-PIA] Service Status (Loop 2): STOPPED 
[Tue 01/17/2017 13:16:57.18] - Stopped PIA Service [HR92SBX-PIA] 
[Tue 01/17/2017 13:16:57.18] - Starting Clean IPC and Clear Cache 
[Tue 01/17/2017 13:17:15.24] - Completed - Clean IPC and Clear Cache 
[Tue 01/17/2017 13:17:15.25] - Starting PIA Cache Clean 
[Tue 01/17/2017 13:17:15.26] - Completed - PIA Cache Clean 
[Tue 01/17/2017 13:17:15.26] - Starting App/Prcs Service [PeopleSoft_D__PeopleSoft_HR92SBX_HR92SBX_CFGHOME] 
[Tue 01/17/2017 13:17:34.95] - Waiting for 2 minutes after starting PS service [PeopleSoft_D__PeopleSoft_HR92SBX_HR92SBX_CFGHOME] 
[Tue 01/17/2017 13:19:34.14] - [PeopleSoft_D__PeopleSoft_HR92SBX_HR92SBX_CFGHOME] Service Status (Loop 1): RUNNING 
[Tue 01/17/2017 13:19:34.14] - Started App/Prcs Service [PeopleSoft_D__PeopleSoft_HR92SBX_HR92SBX_CFGHOME] 
[Tue 01/17/2017 13:19:34.14] - Starting PIA Service [HR92SBX-PIA] 
[Tue 01/17/2017 13:19:36.70] - Waiting for 10 seconds after starting PIA service [HR92SBX-PIA] 
[Tue 01/17/2017 13:19:47.36] - [HR92SBX-PIA] Service Status (Loop 1): RUNNING 
[Tue 01/17/2017 13:19:47.36] - Started PIA Service [HR92SBX-PIA] 
[Tue 01/17/2017 13:19:47.36] - Checking if JOLT port [9040] is alive 
[Tue 01/17/2017 13:19:47.80] - Successful. JOLT Port [9040] is Active.    
[Tue 01/17/2017 13:19:47.80] - Checking if PIA port [8040] is alive 
[Tue 01/17/2017 13:20:18.25] - Successful. PIA Port [8040] is Active.    
[Tue 01/17/2017 13:20:18.25] - Dumping App/Prcs statuses using psadmin 

> tmadmin - Copyright (c) 1996-2012 Oracle.
Portions * Copyright 1986-1997 RSA Data Security, Inc.
All Rights Reserved.
Distributed under license by Oracle.
Tuxedo is a registered trademark.
Prog Name      Queue Name  Grp Name      ID RqDone Load Done Current Service
---------      ----------  --------      -- ------ --------- ---------------
BBL.exe        47825       HCMDEVA+       0     24      1200 (  IDLE )
PSMONITORSRV.e MONITOR     MONITOR        1      0         0 (  IDLE )
PSANALYTICSRV. 00080.00001 ANALYTI+       1      0         0 (  IDLE )
PSAPPSRV.exe   APPQ        APPSRV         1      0         0 (  IDLE )
PSWATCHSRV.exe WATCH       WATCH          1      0         0 (  IDLE )
PSANALYTICSRV. 00080.00002 ANALYTI+       2      0         0 (  IDLE )
PSAPPSRV.exe   APPQ        APPSRV         2      2       100 (  IDLE )
PSANALYTICSRV. 00080.00003 ANALYTI+       3      0         0 (  IDLE )
JREPSVR.exe    00094.00250 JREPGRP      250      0         0 (  IDLE )
PSSUBDSP.exe   SUBDQ_dflt  PUBSUB       300      0         0 (  IDLE )
PSSUBHND.exe   SUBHQ_dflt  PUBSUB       301      0         0 (  IDLE )
PSSUBHND.exe   SUBHQ_dflt  PUBSUB       302      0         0 (  IDLE )
PSSUBHND.exe   SUBHQ_dflt  PUBSUB       303      0         0 (  IDLE )
JSL.exe        00095.00200 JSLGRP       200      0         0 (  IDLE )
PSPUBDSP.exe   PUBDQ_dflt  PUBSUB       200      0         0 (  IDLE )
PSPUBHND.exe   PUBHQ_dflt  PUBSUB       201      0         0 (  IDLE )
PSPUBHND.exe   PUBHQ_dflt  PUBSUB       202      0         0 (  IDLE )
PSPUBHND.exe   PUBHQ_dflt  PUBSUB       203      0         0 (  IDLE )
PSBRKDSP.exe   BRKDQ_dflt  PUBSUB       100      0         0 (  IDLE )
PSSAMSRV.exe   SAMQ        APPSRV       100      0         0 (  IDLE )
PSPPMSRV.exe   PPMQ2       PPMGRP       100     21      1050 (  IDLE )
PSBRKHND.exe   BRKHQ_dflt  PUBSUB       101      0         0 (  IDLE )
PSRENSRV.exe   RENQ1       RENGRP       101      0         0 (  IDLE )
PSBRKHND.exe   BRKHQ_dflt  PUBSUB       102      0         0 (  IDLE )
PSBRKHND.exe   BRKHQ_dflt  PUBSUB       103      0         0 (  IDLE )

> 
> tmadmin - Copyright (c) 1996-2012 Oracle.
Portions * Copyright 1986-1997 RSA Data Security, Inc.
All Rights Reserved.
Distributed under license by Oracle.
Tuxedo is a registered trademark.
Prog Name      Queue Name  Grp Name      ID RqDone Load Done Current Service
---------      ----------  --------      -- ------ --------- ---------------
BBL.exe        39768       HCMDEVA+       0      8       400 (  IDLE )
PSMONITORSRV.e MONITOR     MONITOR        1      0         0 (  IDLE )
PSAESRV.exe    00101.00001 AESRV          1      0         0 (  IDLE )
PSPPMSRV.exe   PPMQ2       PPMGRP       100      6       300 (  IDLE )
PSPRCSRV.exe   SCHEDQ      BASE         101      0         0 (  IDLE )
PSMSTPRC.exe   MSTRSCHQ    BASE         102      0         0 (  IDLE )
PSDSTSRV.exe   DSTQ        BASE         103      0         0 (  IDLE )

> [Tue 01/17/2017 13:20:18.73] - PIA status 

Status Check Successful
[Tue 01/17/2017 13:20:20.08] - Finished [D:\Utils\Scripts\ClearCacheSingleDomain.cmd] 
########################################################################## 
