./env/fsappcfg.sh
./env/csappcfg.sh
./env/hcappcfg.sh
./env/ihappcfg.sh
./env/fsprcscfg.sh
./env/find_cfg.sh
./env/ihprcscfg.sh
./env/hcprcscfg.sh
./env/csprcscfg.sh
./env/archive/old.webenv.sh
./env/webenv.sh
./env/gen_webenv.sh
./env/grep_webenv.sh
./env/HC/HC_app_92np.sh
./env/HC/startFS_prcs_92np.sh
./env/HC/statusFS_app_92np.sh
./env/HC/statusFS_prcs_92np.sh
./env/HC/stopFS_app_92np.sh
./env/HC/stopFS_prcs_92np.sh
./env/HC/startHC_app_92np.sh
./env/HC/HC_prcs_92np.sh
./env/FS/startFS_app_92np.sh
./env/FS/startFS_prcs_92np.sh
./env/FS/statusFS_app_92np.sh
./env/FS/statusFS_prcs_92np.sh
./env/FS/stopFS_app_92np.sh
./env/FS/stopFS_prcs_92np.sh
./replace_smtp_source.sh
./stopPIA_92np.sh
./statusPIA_92np86007.sh
./statusPIA_92np.sh
./startPIA_92np.sh
./bolt.statusPIA_perf.sh
./stopPIA_92perf.sh
./sstatus_perf.sh
./stopPIA_92np86007.sh
./startPIA_92perf.sh
./jdk.jre.patchlogs/20230225_logs/lspoi.sh
./jdk.jre.patchlogs/20230225_logs/rmpoi.sh
./jdk.jre.patchlogs/copydrlogs.sh
./psadm_1time_scripts_fixes/ih_prf_web_psserver_fix_2021/ihconf_fix.sh
./psadm_1time_scripts_fixes/ih_prf_web_psserver_fix_2021/grep_psserver.sh
./psadm_1time_scripts_fixes/cs92_perf_psappsrv_smtpserver_grep_2023/appcfg.sh
./psadm_1time_scripts_fixes/cs92_perf_psappsrv_smtpserver_grep_2023/grep_appcfg.sh
./psadm_1time_scripts_fixes/cs92_perf_psappsrv_smtpserver_grep_2023/list_pstuxcfg.sh
./psadm_1time_scripts_fixes/cs92_perf_psappsrv_smtpserver_grep_2023/sed_appcfg.sh
./psadm_1time_scripts_fixes/move_poi_files.sh
./psadm_1time_scripts_fixes/get_psserver_prd_202503/launch_get_psserver_script.sh
./psadm_1time_scripts_fixes/get_psserver_prd_202503/web_grep_psserver.sh
./pt86007_upgrade/cuhtml/findcuhtml.sh
./pt86007_upgrade/cuhtml/cphtml.sh
./bin/grep_app_BBL.sh
./bin/grep_psunx_BBL.sh
./bin/grep_etc_passwd.sh
./bin/build_web_from_etc_hosts.sh
./bin/tar_ps_home_dirs.sh
./bin/chkfile_in_portal_war.sh
./bin/grep_BBL.sh
./bin/build_sudo_grep_BBL.sh
./bin/grep_BBL.v2.sh
./bin/exec_ae.sh
./bin/chkfile_cnt_and_output.sh
./bin/grep_BBL.v3.sh
./bin/repl_bind_val.sh
./bin/verifysetupdir.sh
./bin/build_appprcs_host_user_dom.sh
./bin/v1.tar_ps_home_dirs.sh
./bin/extract_stmt.sh
./bin/replacebind.sh
./bin/tar_cust_home_dirs.sh
./bin/start_end_call_tree.sh
./bin/extract_tbl_names.sh
./bin/get_exe_dur_timings.sh
./bin/get_sql_stmt_timings.sh
./statusPIA_92perf.sh
./prod_support_issues/INC0093398_mkdir_interfaces/mkdirs_csprd_interface.sh
./traces/cs/2025_02_INC0240766_creating_a_profile/2-21-2025/get_sql_stmt_timings.sh
./traces/cs/2025_02_INC0240766_creating_a_profile/2-21-2025/extract_tbl_names.sh
./traces/cs/2025_02_INC0240766_creating_a_profile/2-21-2025/get_exe_dur_timings.sh
./traces/hc/careers.cnyhcpst/get_stmt_bind.sh
./cs92_prod_pshome_copy/sed_appcfg.sh
./cs92_prod_pshome_copy/appcfg.sh
./cs92_prod_pshome_copy/grep_appcfg.sh
./cs92_prod_pshome_copy/sedlogs/build_psadmin_configure.sh
./cs92_prod_pshome_copy/list_pstuxcfg.sh
./find_appl_oracle.sh
./startPIA_92np86007.sh
./version_ae.sh
./workarea/prfweb/call_redirect_mod_setenv.sh
./workarea/prfweb/prf_chk_web_patch.sh
./workarea/prfweb/call_prf_chk_web_patch.sh
./workarea/prfweb/rediect_mod_setenv.sh
./workarea/prfweb/modify_setenv.sh
./workarea/prdweb/trash/orig.setenv_test.sh
./workarea/prdweb/trash/setenv_test.sh
./workarea/prdweb/rediect_mod_setenv.sh
./workarea/prdweb/call_redirect_mod_setenv.sh
./workarea/prdweb/modify_setenv.sh
./workarea/prdweb/call_prd_chk_web_patch.sh
./workarea/prdweb/prd_chk_web_patch.sh
./workarea/appsrv_logs_search/prf_appsrv_logs_search.sh
./workarea/appsrv_logs_search/srch_string.sh
./workarea/script_test/alk.regex.match.sh
./workarea/webcache/findwebcahe.sh
./workarea/pscfg_smtp_chg_scripts/updt_smtp_server.sh
./workarea/scripts_to_validate_infra_versions/chkversions.sh
./workarea/scripts_to_validate_infra_versions/bolt_copyscript.sh
./workarea/scripts_to_validate_infra_versions/bolt_chkvers.sh
./workarea/scripts_to_validate_infra_versions/bolt_getlog.sh
./workarea/start_OHS.sh
./workarea/stop_OHS.sh
./stopPIA_92rpt.sh
./golive20220416/resource_copy.sh
./start_stop_shared_202211-np/ih/np-ih92-prcs50.sh
./start_stop_shared_202211-np/ih/np-ih92-app50.sh
./start_stop_shared_202211-np/ih/np-ih92-app51.sh
./start_stop_shared_202211-np/ih/np-ih92-prcs51.sh
./start_stop_shared_202211-np/fs/np-fs92-prcs50.sh
./start_stop_shared_202211-np/fs/np-fs92-app51.sh
./start_stop_shared_202211-np/fs/np-fs92-app50.sh
./start_stop_shared_202211-np/fs/np-fs92-prcs51.sh
./start_stop_shared_202211-np/cs/np_cs92_prcs51.sh
./start_stop_shared_202211-np/cs/np_cs92_app50.sh
./start_stop_shared_202211-np/cs/np_cs92_app51.sh
./start_stop_shared_202211-np/cs/np_cs92_prcs50.sh
./start_stop_shared_202211-np/hc/np_hc92_prcs50.sh
./start_stop_shared_202211-np/hc/np_hc92_app51.sh
./start_stop_shared_202211-np/hc/np_hc92_prcs51.sh
./start_stop_shared_202211-np/hc/np_hc92_app50.sh
./psae_mem_hogs.sh
./stopPIA_92prod.sh
./kill_pids.sh
./startPIA_92prod.sh
./oem_oms_agents/agent_env.sh
./email_relay_check.sh
./longtop10mem.sh
./mem-top10.sh
./top10mem.sh
./top-psappsrv-mem.sh
./ansible/build_psdom_yaml/psdomyaml.sh
./ansible/build_psdom_yaml/archive/psdomyaml_np.sh
./ansible/build_psdom_yaml/archive/psdomyaml_prd.sh
./ansible/build_psdom_yaml/archive/psdomyaml_prf.sh
./ansible/build_psdom_yaml/bolt_prd_appprcs.sh
./ansible/psadm/stop_app_ansible.sh
./ansible/psadm/status_app_ansible.sh
./ansible/psadm/start_app_ansible.sh
./ansible/parselogs/alk.parse1.sh
./ansible/parselogs/apux_error_summary.sh
./ansible/alktest.sh
./ansible/getwebuser.sh
./ansible/holding_area/dr_cnydram001/playbooks/nonprod/common/setenv.sh
./ansible/holding_area/dr_cnydram001/playbooks/nonprod/common/create_symlinks.sh
./ansible/holding_area/dr_cnydram001/playbooks/nonprod/apux/np_exec_play.sh
./ansible/holding_area/dr_cnydram001/playbooks/nonprod/apux/tests.sh
./ansible/holding_area/dr_cnydram001/playbooks/nonprod/apux/chklog.sh
./ansible/holding_area/dr_cnydram001/playbooks/nonprod/apux/np_purge.sh
./ansible/holding_area/dr_cnydram001/playbooks/nonprod/apux/np_status.sh
./ansible/holding_area/dr_cnydram001/playbooks/nonprod/apux/np_stop.sh
./ansible/holding_area/dr_cnydram001/playbooks/nonprod/apux/np_start.sh
./ansible/holding_area/dr_cnydram001/playbooks/nonprod/v2.apux/np_exec_play.sh
./ansible/holding_area/dr_cnydram001/playbooks/nonprod/v2.apux/tests.sh
./ansible/holding_area/dr_cnydram001/playbooks/nonprod/v2.apux/np_stop.sh
./ansible/holding_area/dr_cnydram001/playbooks/nonprod/v2.apux/np_start.sh
./ansible/holding_area/dr_cnydram001/playbooks/nonprod/v2.apux/np_purge.sh
./ansible/holding_area/dr_cnydram001/playbooks/nonprod/v2.apux/np_status.sh
./ansible/holding_area/dr_cnydram001/playbooks/perf/common/setenv.sh
./ansible/holding_area/dr_cnydram001/playbooks/perf/common/create_symlinks.sh
./ansible/holding_area/dr_cnydram001/playbooks/perf/apux/prf_exec_play.sh
./ansible/holding_area/dr_cnydram001/playbooks/perf/apux/prf_purge.sh
./ansible/holding_area/dr_cnydram001/playbooks/perf/apux/prf_start.sh
./ansible/holding_area/dr_cnydram001/playbooks/perf/apux/prf_status.sh
./ansible/holding_area/dr_cnydram001/playbooks/perf/apux/prf_stop.sh
./ansible/holding_area/dr_cnydram001/playbooks/prod/web/web_stop.sh
./ansible/holding_area/dr_cnydram001/playbooks/prod/web/wchklog.sh
./ansible/holding_area/dr_cnydram001/playbooks/prod/web/web_status.sh
./ansible/holding_area/dr_cnydram001/playbooks/prod/web/web_start.sh
./ansible/holding_area/dr_cnydram001/playbooks/prod/search/osstart.sh
./ansible/holding_area/dr_cnydram001/playbooks/prod/search/osstop.sh
./ansible/holding_area/dr_cnydram001/playbooks/prod/ca/status.sh
./ansible/holding_area/dr_cnydram001/playbooks/prod/ca/castop.sh
./ansible/holding_area/dr_cnydram001/playbooks/prod/ca/castart.sh
./ansible/holding_area/dr_cnydram001/playbooks/prod/rb/status.sh
./ansible/holding_area/dr_cnydram001/playbooks/prod/rb/rbstop.sh
./ansible/holding_area/dr_cnydram001/playbooks/prod/rb/rbstart.sh
./ansible/holding_area/dr_cnydram001/playbooks/prod/apux/prd_purge.sh
./ansible/holding_area/dr_cnydram001/playbooks/prod/apux/prd_start.sh
./ansible/holding_area/dr_cnydram001/playbooks/prod/apux/prd_status.sh
./ansible/holding_area/dr_cnydram001/playbooks/prod/apux/prd_stop.sh
./ansible/holding_area/dr_cnydram001/playbooks/prod/apux/chklog.sh
./ansible/holding_area/dr_cnydram001/playbooks/prod/apux/prd_exec_play.sh
./ansible/holding_area/dr_cnydram001/playbooks/prod/common/setenv.sh
./ansible/holding_area/dr_cnydram001/playbooks/prod/common/create_symlinks.sh
./ansible/holding_area/dr_cnydram001/playbooks/crdir.sh
./ansible/holding_area/dr_cnydram001/playbooks/dr/web/wchklog.sh
./ansible/holding_area/dr_cnydram001/playbooks/dr/web/web_stop.sh
./ansible/holding_area/dr_cnydram001/playbooks/dr/web/web_start.sh
./ansible/holding_area/dr_cnydram001/playbooks/dr/web/web_status.sh
./ansible/holding_area/dr_cnydram001/playbooks/dr/web/extract_host.sh
./ansible/holding_area/dr_cnydram001/playbooks/dr/apux/chklog.sh
./ansible/holding_area/dr_cnydram001/playbooks/dr/apux/dr_exec_play.sh
./ansible/holding_area/dr_cnydram001/playbooks/dr/apux/dr_purge.sh
./ansible/holding_area/dr_cnydram001/playbooks/dr/apux/dr_start.sh
./ansible/holding_area/dr_cnydram001/playbooks/dr/apux/dr_status.sh
./ansible/holding_area/dr_cnydram001/playbooks/dr/apux/dr_stop.sh
./ansible/holding_area/dr_cnydram001/playbooks/dr/search/osstart.sh
./ansible/holding_area/dr_cnydram001/playbooks/dr/search/osstop.sh
./ansible/holding_area/dr_cnydram001/playbooks/dr/rb/status.sh
./ansible/holding_area/dr_cnydram001/playbooks/dr/rb/rbstart.sh
./ansible/holding_area/dr_cnydram001/playbooks/dr/rb/rbstop.sh
./ansible/holding_area/dr_cnydram001/playbooks/dr/common/setenv.sh
./ansible/holding_area/dr_cnydram001/playbooks/dr/common/create_symlinks.sh
./ansible/holding_area/dr_cnydram001/playbooks/dr/ca/status.sh
./ansible/holding_area/dr_cnydram001/playbooks/dr/ca/castop.sh
./ansible/holding_area/dr_cnydram001/playbooks/dr/ca/castart.sh
./ansible/holding_area/dr_cnydram001/common/gethosts.sh
./ansible/holding_area/dr_cnydram001/common/create_apux_links.sh
./ansible/holding_area/dr_cnydram001/common/getwebuser.sh
./ansible/holding_area/dr_cnydram001/common/web_parse_logs.sh
./ansible/holding_area/dr_cnydram001/common/apux_parse_logs.sh
./ansible/holding_area/np_ansible_copy.sh
./ansible/invfiles-shared/build_validation_script.sh
./ansible/invfiles-shared/validate_ansible_groups.sh
./ansible/invfiles-shared/prod_olam/get_uniq_inv_hosts.sh
./smtp.host.chg.workarea/ls_appcfg.sh
./smtp.host.chg.workarea/orig.updt_smtp_server.sh
./jre_symlink.sh
./scripts/PIA_sites/replace_linux_user.sh
./scripts/PIA_sites/v2.replace_linux_user.sh
./scripts/chk_prcs_dir.sh
./scripts/jre_symlinks/jre_symlink.sh
./scripts/jre_symlinks/chk_pshome_jre_symlink.sh
./scripts/v1.chk_fsprd_psappsrv.sh
./scripts/tmadmin_cmds/pq.ihdmo.sh
./scripts/chk_fsprd_psappsrv.sh
./scripts/chk_psappsrv_idle.sh
./scripts/v1.chk_psappsrv_idle.sh
./scripts/v2.chk_psappsrv_idle.sh
./scripts/v3.chk_psappsrv_idle.sh
./scripts/prcsrqst_notif.sh
./scripts/for_sw_mon/appdomlist.sh
./scripts/psft_env/old1.ps_set.sh
./scripts/psft_env/old2.ps_set.sh
./scripts/psft_env/old.npapphomepick/apphome_pick.sh
./scripts/psft_env/old.al_set.sh
./scripts/psft_env/al_set.sh
./scripts/psae/psae858.sh
./scripts/chk_owner.sh
./scripts/wlxml/1user_weblogix_xml_fix.sh
./scripts/wlxml/weblogix_xml_fix.sh
./scripts/wlcopy/1user_weblogic_ico_svg_copy.sh
./scripts/wlcopy/weblogic_ico_svg_copy.sh
./scripts/oracle_user_profile/chk_bash_profile.sh
./scripts/prdapplogs/cs/csprdapplog.sh
./scripts/prdapplogs/cs/listapplog.sh
./scripts/prdapplogs/cs/archive/csprdapplog.sh
./scripts/prdapplogs/cs/archive/listapplog.sh
./scripts/dev_access_setfacl/loop_cust_homes.sh
./scripts/dev_access_setfacl/set_cust_hm_acls.sh
./scripts/dev_access_setfacl/loop_cfg_homes.sh
./scripts/dev_access_setfacl/set_cfg_hm_acls.sh
./scripts/web_cache_clear_scripts/buildcache860clearPIA_92perf.sh
./scripts/web_cache_clear_scripts/buildcacheclearPIA_92perf.sh
./scripts/web_cache_clear_scripts/exec_cache860clearPIA_92perf.sh
./scripts/web_cache_clear_scripts/exec_clearpsftcachePIA_92perf.sh
./scripts/web_cache_clear_scripts/lscachedirPIA_92perf.sh
./startPIA_92rpt.sh
./worktemp/scratchpad/forloop/for1.sh
./worktemp/scratchpad/forloop/envexp.sh
./worktemp/prd86014golive/prd_86014_validate1.sh
./alk_patch_scripts/oct21cpu/jre1.8_validate.sh
./alk_patch_scripts/oct21cpu/jre1.8_copy.sh
./alk_patch_scripts/oct21cpu/jdk1.8_validate.sh
./alk_patch_scripts/oct21cpu/jdk1.8_copy.sh
./alk_patch_scripts/202205_patches/exec_jre311.sh
./alk_patch_scripts/202205_patches/exec_jdk311.sh
./alk_patch_scripts/202205_patches/exec_tux.sh
./alk_patch_scripts/202205_patches/bin/jdkdisplay.sh
./alk_patch_scripts/202205_patches/bin/jre331copy.sh
./alk_patch_scripts/202205_patches/bin/test.sh
./alk_patch_scripts/202205_patches/bin/tux.sh
./alk_patch_scripts/202205_patches/bin/wls.sh
./alk_patch_scripts/202205_patches/bin/jdk331copy.sh
./alk_patch_scripts/202205_patches/exec_wls.sh
./alk_patch_scripts/202302_patches/bin/test.sh
./alk_patch_scripts/202302_patches/bin/jre361copy.sh
./alk_patch_scripts/202302_patches/bin/tux.sh
./alk_patch_scripts/202302_patches/bin/wls.sh
./alk_patch_scripts/202302_patches/bin/jdkdisplay.sh
./alk_patch_scripts/202302_patches/bin/jdk361copy.sh
./alk_patch_scripts/202302_patches/exec_jre361.sh
./alk_patch_scripts/202302_patches/exec_tux.sh
./alk_patch_scripts/202302_patches/exec_wls.sh
./alk_patch_scripts/202302_patches/exec_jdk361.sh
./alk_patch_scripts/202302_patches/setenv.sh
./alk_patch_scripts/patch_scripts/bin/test.sh
./alk_patch_scripts/patch_scripts/bin/jre331copy.sh
./alk_patch_scripts/patch_scripts/bin/jdk331copy.sh
./alk_patch_scripts/patch_scripts/bin/tux.sh
./alk_patch_scripts/patch_scripts/bin/wls.sh
./alk_patch_scripts/patch_scripts/bin/jdkdisplay.sh
./alk_patch_scripts/patch_scripts/exec_jdk311.sh
./alk_patch_scripts/patch_scripts/exec_jre311.sh
./alk_patch_scripts/patch_scripts/exec_tux.sh
./alk_patch_scripts/patch_scripts/exec_wls.sh
./alk_patch_scripts/patch_scripts/exec_jdk361.sh
./alk_patch_scripts/patch_scripts/exec_jre361.sh
./alk_patch_scripts/patch_scripts/setenv.sh
./alk_patch_scripts/patch_scripts/jdk1.8_copy.sh
./alk_patch_scripts/patch_scripts/jdk1.8_validate.sh
./alk_patch_scripts/patch_scripts/jre1.8_copy.sh
./alk_patch_scripts/patch_scripts/jre1.8_validate.sh
./alk_patch_scripts/java_targz/jdk_targz.sh
./alk_patch_scripts/java_targz/del_jdk_targz.sh
./alk_patch_scripts/java_targz/jre_targz.sh
./alk_patch_scripts/java_targz/del_jre_targz.sh
./alk_patch_scripts/PSCA_jre/del_psca_linux_dir.sh
./alk_patch_scripts/PSCA_jre/psca_linux_targz.sh
./alk_patch_scripts/PSCA_jre/web/del_psca_web_linux_targz.sh
./alk_patch_scripts/PSCA_jre/web/psca_web_linux_targz.sh
./alk_patch_scripts/PSCA_jre/web/tst.sh
./alk_patch_scripts/PSCA_jre/web/del_web_etchosts_users.sh
./alk_patch_scripts/PSCA_jre/web/web_etchosts_users.sh
./alk_patch_scripts/PSCA_jre/web/np/del_web_etchosts_users_np.sh
./alk_patch_scripts/PSCA_jre/web/np/web_etchosts_users_np.sh
./alk_patch_scripts/ora19c_client_patch/ora19c_opatch_fix_dryrun.sh
./alk_patch_scripts/ora19c_client_patch/ora19c_jdk_fix.sh
./alk_patch_scripts/ora19c_client_patch/ora19c_jdk_fix_dryrun.sh
./alk_patch_scripts/ora19c_client_patch/archive/old.ora19cjdkopatchfix.sh
./alk_patch_scripts/ora19c_client_patch/archive/ver2.ora19cjdkopatchfix.sh
./alk_patch_scripts/ora19c_client_patch/archive/ver1.ora19cjdkopatchfix_dryrun.sh
./alk_patch_scripts/ora19c_client_patch/archive/ver1.ora19cjdkopatchfix.sh
./alk_patch_scripts/ora19c_client_patch/bkup/ora19cjdkopatchfix_dryrun.sh
./alk_patch_scripts/ora19c_client_patch/bkup/ora19cjdkopatchfix.sh
./alk_patch_scripts/ora19c_client_patch/opatch_test.sh
./alk_patch_scripts/ora19c_client_patch/ora19c_opatch_fix.sh
./alk_patch_scripts/ora19c_client_patch/prd_orajdkdry.sh
./alk_patch_scripts/ora19c_client_patch/prf_orajdk.sh
./alk_patch_scripts/ora19c_client_patch/prd_orajdk.sh
./alk_patch_scripts/ora19c_client_patch/dr_orajdk.sh
./alk_patch_scripts/ora19c_client_patch/dr_orajdkdry.sh
./alk_patch_scripts/pshome_jre/ver0.pshome_jre_symlinks.sh
./alk_patch_scripts/pshome_jre/pshome_jre_symlinks.sh
./alk_patch_scripts/pshome_jre/ver1.pshome_jre_symlinks.sh
./alk_patch_scripts/pshome_jre/test.pshome_jre_symlinks.sh
./alk_patch_scripts/pshome_jre/dryrun.pshome_jre_symlinks.sh
./cpuidle.sh
./adhoc/update_psoptions/execsql.sh
./adhoc/csdm2_monitor_oim/model_getdbnm.sh
./adhoc/csdm2_monitor_oim/chkoimnode.sh
./adhoc/csdm2_monitor_oim/.prdchkoimnode.sh
./csprd_app_recycle.sh
./fsprd_app_recycle.sh
./stats_ohsprd_logs.sh
./hcprd_app_recycle.sh
./version_ae/hcdm2_version_ae.sh
./shared/gen_webprof_rpt.sh
./sqlscripts/runsqlplus.sh
./sqlscripts/v1.runsqlplus.sh
./sqlscripts/ora19.env.sh
./2.csprd_app_config_recycle.sh
./chk_reg29_jars.sh
./utilsave/psemenv_copy_for_oem/psemenv.sh
./utilsave/psemenv_copy_for_oem/psemenv_copy_to_pshome.sh
./utilsave/dms/cnyprcs.sh
./utilsave/webdom/chk_webprof.sh
./utilsave/webdom/grep_webprof.sh
./utilsave/webdom/old.chk_webprof.sh
./utilsave/OHS/chk_ohs_conf_files.sh
./utilsave/OHS/grep_ohs_conf_files.sh
./utilsave/OHS/2chk_ohs_conf_files.sh
./utilsave/log4j2fix/bin/log4j_jar_fix.sh
./utilsave/log4j2fix/bin/psconfig_fix.sh
./utilsave/log4j2fix/bin/psconfig_chk_file.sh
./utilsave/log4j2fix/bin/setenv_chk_log4j_fix.sh
./utilsave/log4j2fix/ls_pt3_dir.sh
./utilsave/run_psdmtx/storedsql/setenv.sh
./utilsave/run_psdmtx/storedsql/run_psdmtx.sh
./utilsave/bin/build_appprcs_host_user_dom.sh
./utilsave/bin/grep_etc_passwd.sh
./utilsave/bin/grep_app_BBL.sh
./utilsave/bin/build_web_from_etc_hosts.sh
./utilsave/bin/grep_psunx_BBL.sh
./utilsave/bin/grep_BBL.v2.sh
./utilsave/bin/v1.tar_ps_home_dirs.sh
./utilsave/bin/chkfile_in_portal_war.sh
./utilsave/bin/exec_ae.sh
./utilsave/bin/repl_bind_val.sh
./utilsave/bin/grep_BBL.v3.sh
./utilsave/bin/chkfile_cnt_and_output.sh
./utilsave/bin/grep_BBL.sh
./utilsave/bin/build_sudo_grep_BBL.sh
./utilsave/bin/verifysetupdir.sh
./utilsave/bin/tar_ps_home_dirs.sh
./utilsave/scripts/prcsrqst_notif.sh
./utilsave/scripts/v3.chk_psappsrv_idle.sh
./utilsave/scripts/chk_psappsrv_idle.sh
./utilsave/scripts/for_sw_mon/appdomlist.sh
./utilsave/scripts/chk_prcs_dir.sh
./utilsave/scripts/jre_symlinks/jre_symlink.sh
./utilsave/scripts/jre_symlinks/chk_pshome_jre_symlink.sh
./utilsave/scripts/tmadmin_cmds/pq.ihdmo.sh
./utilsave/scripts/PIA_sites/replace_linux_user.sh
./utilsave/scripts/PIA_sites/v2.replace_linux_user.sh
./utilsave/scripts/v1.chk_psappsrv_idle.sh
./utilsave/scripts/v1.chk_fsprd_psappsrv.sh
./utilsave/scripts/chk_fsprd_psappsrv.sh
./utilsave/scripts/v2.chk_psappsrv_idle.sh
./utilsave/copy_custom_html/copy_custom_html.sh
./utilsave/copy_custom_html/call_copy_custom_html.sh
./utilsave/web_httponly_fix/call_1user_fix_httponly.sh
./utilsave/web_httponly_fix/1user_fix_httponly.sh
./utilsave/web_httponly_fix/exec_sudo__fix_httponly.sh
./utilsave/web_setenv_fix/web_prf_grep_setenv_fix.sh
./utilsave/web_setenv_fix/web_prf_fix_setenv_fix.sh
./utilsave/web_setenv_fix/1user_grep_setenv_prf.sh
./utilsave/web_setenv_fix/1user_fix_setenv_prf.sh
./utilsave/92misc_cpysite_chkconfig/call_copy_site_92csnp.sh
./utilsave/92misc_cpysite_chkconfig/chk_sqr.sh
./utilsave/92misc_cpysite_chkconfig/copy_site_92np.sh
./utilsave/92misc_cpysite_chkconfig/call_copy_site_92fsnp.sh
./utilsave/92misc_cpysite_chkconfig/call_copy_site_92hcnp.sh
./utilsave/92misc_cpysite_chkconfig/call_copy_site_92ihnp.sh
./utilsave/92misc_cpysite_chkconfig/prob.chk_config_ig_jolt.sh
./utilsave/92misc_cpysite_chkconfig/chk_config_ig_jolt.sh
./utilsave/92misc_cpysite_chkconfig/call_chk_config_ig_jolt.sh
./utilsave/92misc_cpysite_chkconfig/get_webconfig.sh
./utilsave/92misc_cpysite_chkconfig/list_cfg.sh
./utilsave/92misc_cpysite_chkconfig/rsync/copy_pshome_rsync.sh
./utilsave/dr_prep/copy_appcfg.sh
./utilsave/prod_pshome_copy/appcfg.sh
./utilsave/prod_pshome_copy/grep_appcfg.sh
./utilsave/prod_pshome_copy/list_pstuxcfg.sh
./utilsave/prod_pshome_copy/sed_appcfg.sh
./utilsave/alk_patch_scripts/202205_patches/exec_jre311.sh
./utilsave/alk_patch_scripts/202205_patches/exec_jdk311.sh
./utilsave/alk_patch_scripts/202205_patches/exec_tux.sh
./utilsave/alk_patch_scripts/202205_patches/bin/jdkdisplay.sh
./utilsave/alk_patch_scripts/202205_patches/bin/jre331copy.sh
./utilsave/alk_patch_scripts/202205_patches/bin/test.sh
./utilsave/alk_patch_scripts/202205_patches/bin/tux.sh
./utilsave/alk_patch_scripts/202205_patches/bin/wls.sh
./utilsave/alk_patch_scripts/202205_patches/bin/jdk331copy.sh
./utilsave/alk_patch_scripts/202205_patches/exec_wls.sh
./utilsave/alk_patch_scripts/202302_patches/bin/test.sh
./utilsave/alk_patch_scripts/202302_patches/bin/jre361copy.sh
./utilsave/alk_patch_scripts/202302_patches/bin/tux.sh
./utilsave/alk_patch_scripts/202302_patches/bin/wls.sh
./utilsave/alk_patch_scripts/202302_patches/bin/jdkdisplay.sh
./utilsave/alk_patch_scripts/202302_patches/bin/jdk361copy.sh
./utilsave/alk_patch_scripts/202302_patches/exec_jre361.sh
./utilsave/alk_patch_scripts/202302_patches/exec_tux.sh
./utilsave/alk_patch_scripts/202302_patches/exec_wls.sh
./utilsave/alk_patch_scripts/202302_patches/exec_jdk361.sh
./utilsave/alk_patch_scripts/202302_patches/setenv.sh
./utilsave/alk_patch_scripts/java_targz/jdk_targz.sh
./utilsave/alk_patch_scripts/java_targz/del_jdk_targz.sh
./utilsave/alk_patch_scripts/java_targz/jre_targz.sh
./utilsave/alk_patch_scripts/java_targz/del_jre_targz.sh
./utilsave/alk_patch_scripts/oct21cpu/jre1.8_validate.sh
./utilsave/alk_patch_scripts/oct21cpu/jre1.8_copy.sh
./utilsave/alk_patch_scripts/oct21cpu/jdk1.8_validate.sh
./utilsave/alk_patch_scripts/oct21cpu/jdk1.8_copy.sh
./utilsave/alk_patch_scripts/ora19c_client_patch/ora19c_opatch_fix_dryrun.sh
./utilsave/alk_patch_scripts/ora19c_client_patch/ora19c_jdk_fix.sh
./utilsave/alk_patch_scripts/ora19c_client_patch/ora19c_jdk_fix_dryrun.sh
./utilsave/alk_patch_scripts/ora19c_client_patch/archive/old.ora19cjdkopatchfix.sh
./utilsave/alk_patch_scripts/ora19c_client_patch/archive/ver2.ora19cjdkopatchfix.sh
./utilsave/alk_patch_scripts/ora19c_client_patch/archive/ver1.ora19cjdkopatchfix_dryrun.sh
./utilsave/alk_patch_scripts/ora19c_client_patch/archive/ver1.ora19cjdkopatchfix.sh
./utilsave/alk_patch_scripts/ora19c_client_patch/bkup/ora19cjdkopatchfix_dryrun.sh
./utilsave/alk_patch_scripts/ora19c_client_patch/bkup/ora19cjdkopatchfix.sh
./utilsave/alk_patch_scripts/ora19c_client_patch/opatch_test.sh
./utilsave/alk_patch_scripts/ora19c_client_patch/ora19c_opatch_fix.sh
./utilsave/alk_patch_scripts/ora19c_client_patch/prd_orajdkdry.sh
./utilsave/alk_patch_scripts/ora19c_client_patch/prf_orajdk.sh
./utilsave/alk_patch_scripts/ora19c_client_patch/prd_orajdk.sh
./utilsave/alk_patch_scripts/ora19c_client_patch/dr_orajdk.sh
./utilsave/alk_patch_scripts/ora19c_client_patch/dr_orajdkdry.sh
./utilsave/alk_patch_scripts/patch_scripts/bin/test.sh
./utilsave/alk_patch_scripts/patch_scripts/bin/jre331copy.sh
./utilsave/alk_patch_scripts/patch_scripts/bin/jdk331copy.sh
./utilsave/alk_patch_scripts/patch_scripts/bin/tux.sh
./utilsave/alk_patch_scripts/patch_scripts/bin/wls.sh
./utilsave/alk_patch_scripts/patch_scripts/bin/jdkdisplay.sh
./utilsave/alk_patch_scripts/patch_scripts/exec_jdk311.sh
./utilsave/alk_patch_scripts/patch_scripts/exec_jre311.sh
./utilsave/alk_patch_scripts/patch_scripts/exec_tux.sh
./utilsave/alk_patch_scripts/patch_scripts/exec_wls.sh
./utilsave/alk_patch_scripts/patch_scripts/exec_jdk361.sh
./utilsave/alk_patch_scripts/patch_scripts/exec_jre361.sh
./utilsave/alk_patch_scripts/patch_scripts/setenv.sh
./utilsave/alk_patch_scripts/patch_scripts/jdk1.8_copy.sh
./utilsave/alk_patch_scripts/patch_scripts/jdk1.8_validate.sh
./utilsave/alk_patch_scripts/patch_scripts/jre1.8_copy.sh
./utilsave/alk_patch_scripts/patch_scripts/jre1.8_validate.sh
./utilsave/alk_patch_scripts/PSCA_jre/del_psca_linux_dir.sh
./utilsave/alk_patch_scripts/PSCA_jre/psca_linux_targz.sh
./utilsave/alk_patch_scripts/PSCA_jre/web/del_psca_web_linux_targz.sh
./utilsave/alk_patch_scripts/PSCA_jre/web/psca_web_linux_targz.sh
./utilsave/alk_patch_scripts/PSCA_jre/web/tst.sh
./utilsave/alk_patch_scripts/PSCA_jre/web/del_web_etchosts_users.sh
./utilsave/alk_patch_scripts/PSCA_jre/web/web_etchosts_users.sh
./utilsave/alk_patch_scripts/PSCA_jre/web/np/del_web_etchosts_users_np.sh
./utilsave/alk_patch_scripts/PSCA_jre/web/np/web_etchosts_users_np.sh
./utilsave/alk_patch_scripts/pshome_jre/ver0.pshome_jre_symlinks.sh
./utilsave/alk_patch_scripts/pshome_jre/pshome_jre_symlinks.sh
./utilsave/alk_patch_scripts/pshome_jre/ver1.pshome_jre_symlinks.sh
./utilsave/alk_patch_scripts/pshome_jre/test.pshome_jre_symlinks.sh
./utilsave/alk_patch_scripts/pshome_jre/dryrun.pshome_jre_symlinks.sh
./utilsave/workarea/pscfg_smtp_chg_scripts/updt_smtp_server.sh
./utilsave/workarea/prfweb/trash/orig.setenv_test.sh
./utilsave/workarea/prfweb/trash/setenv_test.sh
./utilsave/workarea/prfweb/rediect_mod_setenv.sh
./utilsave/workarea/prfweb/call_redirect_mod_setenv.sh
./utilsave/workarea/prfweb/modify_setenv.sh
./utilsave/workarea/prfweb/prf_chk_web_patch.sh
./utilsave/workarea/prfweb/call_prf_chk_web_patch.sh
./utilsave/workarea/start_OHS.sh
./utilsave/workarea/stop_OHS.sh
./utilsave/workarea/prdweb/rediect_mod_setenv.sh
./utilsave/workarea/prdweb/call_redirect_mod_setenv.sh
./utilsave/workarea/prdweb/modify_setenv.sh
./utilsave/workarea/prdweb/prd_chk_web_patch.sh
./utilsave/workarea/prdweb/call_prd_chk_web_patch.sh
./utilsave/workarea/prdweb/trash/orig.setenv_test.sh
./utilsave/workarea/prdweb/trash/setenv_test.sh
./utilsave/bolt.statusPIA_perf.sh
./utilsave/buildcacheclearPIA_92perf.sh
./utilsave/chk_reg29_jars.sh
./utilsave/clearcachePIA_92perf.sh
./utilsave/cpuidle.sh
./utilsave/csprd_app_recycle.sh
./utilsave/email_relay_check.sh
./utilsave/find_appl_oracle.sh
./utilsave/fsprd_app_recycle.sh
./utilsave/hcprd_app_recycle.sh
./utilsave/jre_symlink.sh
./utilsave/kill_pids.sh
./utilsave/longtop10mem.sh
./utilsave/lscachedirPIA_92perf.sh
./utilsave/mem-top10.sh
./utilsave/move_poi_files.sh
./utilsave/psae_mem_hogs.sh
./utilsave/replace_smtp_source.sh
./utilsave/sstatus_perf.sh
./utilsave/startPIA_92np.sh
./utilsave/startPIA_92perf.sh
./utilsave/startPIA_92prod.sh
./utilsave/startPIA_92rpt.sh
./utilsave/stats_ohsprd_logs.sh
./utilsave/statusPIA_92np.sh
./utilsave/statusPIA_92perf.sh
./utilsave/stopPIA_92np.sh
./utilsave/stopPIA_92perf.sh
./utilsave/stopPIA_92prod.sh
./utilsave/stopPIA_92rpt.sh
./utilsave/top10mem.sh
./utilsave/top-psappsrv-mem.sh
./utilsave/version_ae.sh
./linux_acl/Setup_Developer_NonProd_LOG_Access.sh
./dr_prep2024/bin/archive/bolt_cmd_copy_dr_appcfg.sh
./dr_prep2024/bin/archive/bolt_cmd_copy_prd_appcfg.sh
./dr_prep2024/bin/archive/bolt_cmd_get_prd_domains.sh
./dr_prep2024/bin/archive/compare_prd_dr_cfg.sh
./dr_prep2024/bin/archive/copy_appcfg.sh
./dr_prep2024/bin/archive/copy_prcscfg.sh
./dr_prep2024/bin/archive/cs92_diff_cfg.sh
./dr_prep2024/bin/archive/dr_copy_appcfg.sh
./dr_prep2024/bin/archive/fs92_diff_cfg.sh
./dr_prep2024/bin/archive/hc92_diff_cfg.sh
./dr_prep2024/bin/archive/ih_diff_cfg.sh
./dr_prep2024/bin/prd_copy_appcfg.sh
./dr_prep2024/bin/dr_copy_appcfg.sh
./dr_prep2024/bin/prd_bolt_cmd_copy_prd_prcscfg.sh
./dr_prep2024/bin/prdservers/fsprd_app_cfg_copy.sh
./dr_prep2024/bin/prdservers/csprd_prcs_psadmin_cmd.sh
./dr_prep2024/bin/prdservers/csprd_app_cfg_copy.sh
./dr_prep2024/bin/prdservers/ihprd_app_cfg_copy.sh
./dr_prep2024/bin/prdservers/hcprd_app_cfg_copy.sh
./dr_prep2024/bin/prdservers/all_prd_app_cfg_copy.sh
./dr_prep2024/bin/prdservers/all_prd_prcs_cfg_copy.sh
./dr_prep2024/bin/drservers/all_dr_prcs_cfg_copy.sh
./dr_prep2024/bin/drservers/all_dr_app_cfg_copy.sh
./dr_prep2024/bin/prd_copy_prcscfg.sh
./dr_prep2024/bin/dr_bolt_cmd_copy_dr_appcfg.sh
./dr_prep2024/bin/prd_bolt_cmd_copy_prd_appcfg.sh
./dr_prep2024/bin/dr_bolt_cmd_copy_dr_prcscfg.sh
./dr_prep2024/bin/dr_copy_prcscfg.sh
./dr_prep2024/diff_app_cfg_prd_dr.sh
./dr_prep2024/old.diff_app_cfg_prd_dr.sh
./dr_prep2024/diff_prcs_cfg_prd_dr.sh
./startPIA_92np86014.sh
./stopPIA_92np858.sh
./Application_Server_Performance_Analyzer/HAF/run_analyzer.sh
./Application_Server_Performance_Analyzer/haf.sh
./startPIA_92np858.sh
./cobol_compares/ap112/app_home/cbl/inasuncv11.sh
./cobol_compares/ap112/app_home/cbl/inasuncv14.sh
./cobol_compares/ap112/app_home/cbl/inasuren.sh
./cobol_compares/ap112/app_home/cbl/inasuncv10.sh
./cobol_compares/ap112/app_home/cbl/inasuncv17.sh
./cobol_compares/ap112/app_home/cbl/inasuncv13.sh
./cobol_compares/ap112/app_home/cbl/inasuncv15.sh
./cobol_compares/ap112/app_home/cbl/inasuncv.sh
./cobol_compares/ap112/app_home/cbl/inasuncv16.sh
./cobol_compares/ap112/app_home/cbl/inasuncv12.sh
./cobol_compares/ux102/app_home/cbl/inasuncv11.sh
./cobol_compares/ux102/app_home/cbl/inasuncv14.sh
./cobol_compares/ux102/app_home/cbl/inasuren.sh
./cobol_compares/ux102/app_home/cbl/inasuncv10.sh
./cobol_compares/ux102/app_home/cbl/inasuncv17.sh
./cobol_compares/ux102/app_home/cbl/inasuncv13.sh
./cobol_compares/ux102/app_home/cbl/inasuncv15.sh
./cobol_compares/ux102/app_home/cbl/inasuncv.sh
./cobol_compares/ux102/app_home/cbl/inasuncv16.sh
./cobol_compares/ux102/app_home/cbl/inasuncv12.sh
./cobol_compares/build_hexcmp.sh
./sysstat/linuxstats.sh
./stopPIA_92np86014.sh
./ihprd_app_recycle.sh
./startPIA_92np86019.sh
./stopPIA_92np86019.sh
./OHS/prfenv.sh
./how_to_clone/scripts_copy_website/chkPIAcache_92np86014.sh
./how_to_clone/scripts_copy_website/copy86019_site.sh
./how_to_clone/scripts_copy_website/web_mod_psserver_entry.sh
./how_to_clone/scripts_copy_website/86019/gather/gather_92np86019.sh
./how_to_clone/scripts_copy_website/86019/gather/launch_92np86019.sh
./how_to_clone/scripts_copy_website/86019/gather/web_get_psserver_entry_86019.sh
./how_to_clone/scripts_copy_website/86019/gather/old.web_get_psserver_entry_86019.sh
./how_to_clone/scripts_copy_website/86019/gather/2old.web_get_psserver_entry_86019.sh
./how_to_clone/scripts_copy_website/86019/copy/copy86019_dm2_rpu_sites.sh
./how_to_clone/scripts_copy_website/86019/copy/copy_92np86019.sh
./how_to_clone/scripts_copy_website/86019/copy/launch_copy_92np86019.sh
./how_to_clone/scripts_copy_website/al.sh
./how_to_clone/scripts_copy_website/chksites.sh
./how_to_clone/scripts_copy_website/86014/gather_92np86014.sh
./how_to_clone/scripts_copy_website/86014/launch_92np86014.sh
./how_to_clone/scripts_copy_website/86014/web_get_psserver_entry_86014.sh
./how_to_clone/scripts_copy_website/86014/old.web_get_psserver_entry_86014.sh
./how_to_clone/scripts_copy_website/bolt_call_chkPIAsites.sh
./scripts_adhoc/appcfg/prd_bolt_cmd_copy_prd_appcfg.sh
./scripts_adhoc/appcfg/all_prd_prcs_cfg_copy.sh
./scripts_adhoc/appcfg/all_prd_app_cfg_copy.sh
./scripts_adhoc/appcfg/prd_copy_appcfg.sh
./scripts_adhoc/boltscriptmodel/web/np_web_copy_site_sample.sh
./scripts_adhoc/boltscriptmodel/web/web_config_prototype_pattern.sh
./scripts_adhoc/boltscriptmodel/app/all_prd_app_cfg_copy.sh
./scripts_adhoc/boltscriptmodel/app/all_prd_prcs_cfg_copy.sh
./scripts_adhoc/boltscriptmodel/app/prd_bolt_cmd_copy_prd_appcfg.sh
./scripts_adhoc/boltscriptmodel/app/prd_copy_appcfg.sh
./scripts_adhoc/1timewebpsserver/prd_web_get_psserver.sh
./scripts_adhoc/1timewebpsserver/weblogins.sh
./scripts_adhoc/1timewebpsserver/ext_psserver.sh
./scripts_adhoc/1timewebpsserver/alk.sh
./scripts_adhoc/1timeappcfg/prd_bolt_cmd_appcfg.sh
./scripts_adhoc/1timeappcfg/launch_bolt_cs_prd_appcfg.sh
./scripts_adhoc/1timeappcfg/prd_appcfg.sh
./scripts_adhoc/1timeappcfg/cs_prd_appcfg_auto_gen.sh
./scripts_adhoc/1timeappcfg/perf_appcfg_reconfig/launch_bolt_cs_prf_appcfg.sh
./scripts_adhoc/1timeappcfg/perf_appcfg_reconfig/cs_prf_appcfg_auto_gen.sh
./scripts_adhoc/1timeappcfg/perf_appcfg_reconfig/1time.csprf_app_config_recycle.sh
./scripts_adhoc/1timeappcfg/building_pattern/bolt_app_pattern.sh
./scripts_adhoc/1timeappcfg/archive_3-5-2025_version/all_prd_prcs_cfg_copy.sh
./scripts_adhoc/1timeappcfg/archive_3-5-2025_version/change_after_PSPPSRV_pattern.sh
./scripts_adhoc/1timeappcfg/archive_3-5-2025_version/launch_bolt_cs_prd_appcfg.sh
./scripts_adhoc/1timeappcfg/archive_3-5-2025_version/prd_appcfg.sh
./scripts_adhoc/1timeappcfg/archive_3-5-2025_version/prd_bolt_cmd_appcfg.sh
./scripts_adhoc/1timewebsitecopy/bolt_call_chkPIAsites.sh
./scripts_adhoc/1timewebsitecopy/chkPIA_action_script.sh
./scripts_adhoc/1timewebsitecopy/chkPIAcache_92np86014.sh
./scripts_adhoc/1timewebsitecopy/chkPIA_gather_weblogins.sh
./scripts_adhoc/1timewebsitecopy/chksites.sh
./scripts_adhoc/1timewebsitecopy/ref/bolt_call_chkPIAsites.sh
./scripts_adhoc/1timewebsitecopy/ref/chkPIAcache_92np86014.sh
./scripts_adhoc/1timewebsitecopy/ref/chksites.sh
./1time.csprd_app_config_recycle.sh
./1time.csprf_app_config_recycle.sh
