./prod_support/prd_oem_agents/chk_oem_agents_1host.sh
./prod_support/prd_oem_agents/chk_oem_agents_rpthosts.sh
./prod_support/prd_oem_agents/chk_oem_agents_allhosts.sh
./sshidcopy/ssh-id-copy.sh
./sshidcopy/ohsprd.sh
./sshidcopy/pf_ssh-id-copy.sh
./sshidcopy/sshidcopy_1host.sh
./sshidcopy/cs92_sshid_copy.sh
./sshidcopy/92ssh-id-copy-from-file.sh
./sshidcopy/92prf_ssh_id_copy.sh
./sshidcopy/orig.ssh-id-copy.sh
./sshidcopy/del.alagu_sshid_copy.sh
./sshidcopy/al-remotee-ssh.sh
./sshidcopy/92ssh-id-copy.sh
./sshidcopy/copy_ssh_key.sh
./sshidcopy/remove_entry_known_hosts.sh
./prodMX/bolt_confirm_oracle_profile.sh
./prodMX/moved.to.sw.scripts.chk_bash_profile.sh
./prodMX/bolt_scr_confirm_oracle_profile.sh
./prodMX/DR/bolt_scr_confirm_oracle_profile.sh
./prodMX/DR/get_infradpk_log.sh
./start-stop/ver4/startstop_ver4.sh
./start-stop/startstop_template_part2.sh
./start-stop/startstop_template_part1.sh
./start-stop/92prd/csprd_app_psadmin_cmd.sh
./start-stop/92prd/hcprd_app_prcs_psadmin_cmd.sh
./start-stop/92prd/fsprd_app_prcs_psadmin_cmd.sh
./start-stop/92prd/csprd_prcs_psadmin_cmd.sh
./start-stop/92prd/ihprd_app_prcs_psadmin_cmd.sh
./start-stop/92crawl/1host_crawl_app_prcs_dom.sh
./start-stop/92crawl/1host_crawl.sh
./start-stop/92crawl/crawl_app_prcs_dom.sh
./start-stop/92crawl/al-temp1.sh
./start-stop/92prf/logs/bolt_cmd_get_prf_domains.sh
./start-stop/92prf/logs/cs1_app_status_cmd.sh
./start-stop/92prf/logs/bkup.bolt_cmd_get_prf_domains.sh
./start-stop/92prf/logs/ops/ih_bolt_prf_start_cmd.sh
./start-stop/92prf/logs/ops/ih/1ih_bolt_prf_start_cmd.sh
./start-stop/92prf/logs/ops/ih/3ih_bolt_prf_start_cmd.sh
./start-stop/92prf/logs/ops/ih/2ih_bolt_prf_start_cmd.sh
./start-stop/92prf/logs/ops/stop/ih_bolt_prf_cmd.sh
./start-stop/92prf/logs/ops/stop/fs_bolt_prf_cmd.sh
./start-stop/92prf/logs/ops/stop/ih2_bolt_prf_cmd.sh
./start-stop/92prf/logs/ops/stop/hc_bolt_prf_cmd.sh
./start-stop/92prf/logs/ops/stop/cs3_bolt_prf_cmd.sh
./start-stop/92prf/logs/ops/stop/cs_prcs_bolt_prf_cmd.sh
./start-stop/92prf/logs/ops/stop/cs2_bolt_prf_cmd.sh
./start-stop/92prf/logs/ops/stop/cs_bolt_prf_cmd.sh
./start-stop/92prf/logs/ops/stop/ih3_bolt_prf_cmd.sh
./start-stop/92prf/logs/ops/css_bolt_prf_start_cmd.sh
./start-stop/92prf/logs/ops/status/ih_bolt_prf_cmd.sh
./start-stop/92prf/logs/ops/status/cs_bolt_prf_cmd2.sh
./start-stop/92prf/logs/ops/status/fs_bolt_prf_cmd.sh
./start-stop/92prf/logs/ops/status/cs_bolt_prf_cmd_nohup.sh
./start-stop/92prf/logs/ops/status/ih2_bolt_prf_cmd.sh
./start-stop/92prf/logs/ops/status/cs_bolt_prf_cmd2_nohup.sh
./start-stop/92prf/logs/ops/status/hc_bolt_prf_cmd.sh
./start-stop/92prf/logs/ops/status/al.sh
./start-stop/92prf/logs/ops/status/cs_bolt_prf_cmd.sh
./start-stop/92prf/logs/ops/status/ih3_bolt_prf_cmd.sh
./start-stop/92prf/logs/ops/fin_bolt_prf_start_cmd.sh
./start-stop/92prf/logs/ops/hcm_bolt_prf_start_cmd.sh
./start-stop/92prf/logs/ops/cs/2css_bolt_prf_start_cmd.sh
./start-stop/92prf/logs/ops/cs/4css_bolt_prf_start_cmd.sh
./start-stop/92prf/logs/ops/cs/1css_bolt_prf_start_cmd.sh
./start-stop/92prf/logs/ops/cs/3css_bolt_prf_start_cmd.sh
./start-stop/92prf/logs/ops/bolt_prf_start_cmd.sh
./start-stop/92prf/logs/ops/start/cs1_bolt_prf_cmd.sh
./start-stop/92prf/logs/ops/start/fs_bolt_prf_cmd.sh
./start-stop/92prf/logs/ops/start/ih2_bolt_prf_cmd.sh
./start-stop/92prf/logs/ops/start/hc_bolt_prf_cmd.sh
./start-stop/92prf/logs/ops/start/cs3_bolt_prf_cmd.sh
./start-stop/92prf/logs/ops/start/cs2_bolt_prf_cmd.sh
./start-stop/92prf/logs/ops/start/cs_bolt_prf_cmd.sh
./start-stop/92prf/logs/ops/start/ih3_bolt_prf_cmd.sh
./start-stop/92prf/logs/ops/start/ih1_bolt_prf_cmd.sh
./start-stop/92prf/logs/orig.bolt_cmd_get_prf_domains.sh
./start-stop/92prf/cs_domains/bolt_cs_status.sh
./start-stop/92prf/cs_domains/bolt_cs_preload_cache.sh
./start-stop/92prf/start/ih_bolt_prf_start_cmd.sh
./start-stop/92prf/start/ih/1ih_bolt_prf_start_cmd.sh
./start-stop/92prf/start/ih/3ih_bolt_prf_start_cmd.sh
./start-stop/92prf/start/ih/2ih_bolt_prf_start_cmd.sh
./start-stop/92prf/start/css_bolt_prf_start_cmd.sh
./start-stop/92prf/start/fin_bolt_prf_start_cmd.sh
./start-stop/92prf/start/hcm_bolt_prf_start_cmd.sh
./start-stop/92prf/start/cs/2css_bolt_prf_start_cmd.sh
./start-stop/92prf/start/cs/4css_bolt_prf_start_cmd.sh
./start-stop/92prf/start/cs/1css_bolt_prf_start_cmd.sh
./start-stop/92prf/start/cs/3css_bolt_prf_start_cmd.sh
./start-stop/92prf/start/bolt_prf_start_cmd.sh
./start-stop/92prf/bkup/forpt8.58/cs_app_psadmin_cmd.sh
./start-stop/92prf/bkup/forpt8.58/cs_prcs_psadmin_cmd.sh
./start-stop/92prf/bkup/forpt8.58/fs_app_prcs_psadmin_cmd.sh
./start-stop/92prf/bkup/forpt8.58/hc_app_prcs_psadmin_cmd.sh
./start-stop/92prf/bkup/forpt8.58/ih_app_prcs_psadmin_cmd.sh
./start-stop/92prf/bkup/cs_app_psadmin_cmd.sh
./start-stop/92prf/bkup/cs_prcs_psadmin_cmd.sh
./start-stop/92prf/bkup/fs_app_prcs_psadmin_cmd.sh
./start-stop/92prf/bkup/hc_app_prcs_psadmin_cmd.sh
./start-stop/92prf/bkup/ih_app_prcs_psadmin_cmd.sh
./start-stop/92prf/cs_app_psadmin_cmd.sh
./start-stop/92prf/cs_prcs_psadmin_cmd.sh
./start-stop/92prf/fs_app_prcs_psadmin_cmd.sh
./start-stop/92prf/hc_app_prcs_psadmin_cmd.sh
./start-stop/92prf/ih_app_prcs_psadmin_cmd.sh
./start-stop/from_geoff/chk_sshid_perf.sh
./start-stop/from_geoff/status_perf_app_prcs.sh
./start-stop/from_geoff/al-prf-web.sh
./start-stop/startstop_template.sh
./start-stop/work/child.sh
./start-stop/work/super_psa.sh
./start-stop/work/parent.sh
./start-stop/crawl/1host_crawl_app_prcs_dom.sh
./start-stop/crawl/20220322_202024_logs/np_prcs_fs92_servers_psa.sh
./start-stop/crawl/archive.history/perf-crawl/perf_call_bolt_cmd_grep_BBL.sh
./start-stop/crawl/archive.history/bkup.crawl_app_prcs_dom.sh
./start-stop/crawl/archive.history/only.host.dom.crawl_app_prcs_dom.sh
./start-stop/crawl/archive.history/np-crawl/np_call_bolt_cmd_grep_BBL.sh
./start-stop/crawl/archive.history/np-crawl/extract_submit_cmds.sh
./start-stop/crawl/archive.history/np-crawl/ver1/np_call_bolt_cmd_grep_BBL.sh
./start-stop/crawl/archive.history/np-crawl/ver1/nplogs/np_app_ih92_servers_act.sh
./start-stop/crawl/archive.history/np-crawl/ver1/nplogs/np_psunx_hc92_servers_act.sh
./start-stop/crawl/archive.history/np-crawl/ver1/nplogs/np_psunx_cs92_servers_act.sh
./start-stop/crawl/archive.history/np-crawl/ver1/nplogs/np_psunx_ih92_servers_act.sh
./start-stop/crawl/archive.history/np-crawl/ver1/nplogs/np_app_crm_servers_act.sh
./start-stop/crawl/archive.history/np-crawl/ver1/nplogs/np_psunx_css_servers_act.sh
./start-stop/crawl/archive.history/np-crawl/ver1/nplogs/np_app_css_servers_act.sh
./start-stop/crawl/archive.history/np-crawl/ver1/nplogs/np_app_prt_servers_act.sh
./start-stop/crawl/archive.history/np-crawl/ver1/nplogs/np_psunx_prt_servers_act.sh
./start-stop/crawl/archive.history/np-crawl/ver1/nplogs/np_psunx_fs92_servers_act.sh
./start-stop/crawl/archive.history/np-crawl/ver1/nplogs/np_app_cs92_servers_act.sh
./start-stop/crawl/archive.history/np-crawl/ver1/nplogs/np_psunx_crm_servers_act.sh
./start-stop/crawl/archive.history/np-crawl/ver1/nplogs/np_app_hc92_servers_act.sh
./start-stop/crawl/archive.history/np-crawl/ver1/nplogs/np_app_fs92_servers_act.sh
./start-stop/crawl/archive.history/np-crawl/extract_host_user_dom.sh
./start-stop/crawl/archive.history/np-crawl/nplogs/np_prcs_css_servers_psa.sh
./start-stop/crawl/archive.history/np-crawl/nplogs/np_prcs_fs92_servers_psa.sh
./start-stop/crawl/archive.history/np-crawl/nplogs/np_prcs_cs92_servers_psa.sh
./start-stop/crawl/archive.history/np-crawl/nplogs/np_app_cs92_servers_psa.sh
./start-stop/crawl/archive.history/np-crawl/nplogs/np_prcs_prt_servers_psa.sh
./start-stop/crawl/archive.history/np-crawl/nplogs/np_app_crm_servers_psa.sh
./start-stop/crawl/archive.history/np-crawl/nplogs/np_app_fs92_servers_psa.sh
./start-stop/crawl/archive.history/np-crawl/nplogs/np_app_hc92_servers_psa.sh
./start-stop/crawl/archive.history/np-crawl/nplogs/np_app_ih92_servers_psa.sh
./start-stop/crawl/archive.history/np-crawl/nplogs/np_app_css_servers_psa.sh
./start-stop/crawl/archive.history/np-crawl/nplogs/np_prcs_ih92_servers_psa.sh
./start-stop/crawl/archive.history/np-crawl/nplogs/np_app_prt_servers_psa.sh
./start-stop/crawl/archive.history/np-crawl/nplogs/np_prcs_hc92_servers_psa.sh
./start-stop/crawl/archive.history/prd-crawl/prd_call_bolt_cmd_grep_BBL.sh
./start-stop/crawl/archive.history/prd-crawl/prdlogs/prd_prcs_crm_servers_psa.sh
./start-stop/crawl/archive.history/prd-crawl/prdlogs/prd_app_css_servers_psa.sh
./start-stop/crawl/archive.history/prd-crawl/prdlogs/prd_prcs_prt_servers_psa.sh
./start-stop/crawl/archive.history/prd-crawl/prdlogs/prd_app_fs_servers_psa.sh
./start-stop/crawl/archive.history/prd-crawl/prdlogs/prd_prcs_fs_servers_psa.sh
./start-stop/crawl/archive.history/prd-crawl/prdlogs/prd_prcs_css_servers_psa.sh
./start-stop/crawl/archive.history/prd-crawl/prdlogs/prd_app_prt_servers_psa.sh
./start-stop/crawl/archive.history/prd-crawl/prdlogs/prd_app_hc_servers_psa.sh
./start-stop/crawl/archive.history/prd-crawl/prdlogs/prd_app_crm_servers_psa.sh
./start-stop/crawl/archive.history/prd-crawl/prdlogs/prd_prcs_hc_servers_psa.sh
./start-stop/crawl/np-crawl/np-exec-crawl.sh
./start-stop/crawl/np-crawl/20220322_logs/np_prcs_css_servers_psa.sh
./start-stop/crawl/np-crawl/20220322_logs/np_prcs_fs92_servers_psa.sh
./start-stop/crawl/np-crawl/20220322_logs/np_prcs_cs92_servers_psa.sh
./start-stop/crawl/np-crawl/20220322_logs/np_app_cs92_servers_psa.sh
./start-stop/crawl/np-crawl/20220322_logs/np_prcs_prt_servers_psa.sh
./start-stop/crawl/np-crawl/20220322_logs/np_app_crm_servers_psa.sh
./start-stop/crawl/np-crawl/20220322_logs/np_app_fs92_servers_psa.sh
./start-stop/crawl/np-crawl/20220322_logs/np_app_hc92_servers_psa.sh
./start-stop/crawl/np-crawl/20220322_logs/np_app_ih92_servers_psa.sh
./start-stop/crawl/np-crawl/20220322_logs/np_app_css_servers_psa.sh
./start-stop/crawl/np-crawl/20220322_logs/np_prcs_ih92_servers_psa.sh
./start-stop/crawl/np-crawl/20220322_logs/np_app_prt_servers_psa.sh
./start-stop/crawl/np-crawl/20220322_logs/np_prcs_hc92_servers_psa.sh
./start-stop/crawl/20220322_201825_logs/np_prcs_fs92_servers_psa.sh
./start-stop/crawl/1host_crawl.sh
./start-stop/crawl/crawl_app_prcs_dom.sh
./start-stop/crawl/al-temp1.sh
./start-stop/crawl/prd-crawl/prd-exec-crawl.sh
./start-stop/crawl/prd-crawl/20220427_logs/prd_app_cs92_servers_psa.sh
./start-stop/crawl/prd-crawl/20220427_logs/prd_prcs_cs92_servers_psa.sh
./start-stop/crawl/prd-crawl/cs92-prd-exec-crawl.sh
./start-stop/crawl/prd-crawl/20220322_logs/prd_prcs_crm_servers_psa.sh
./start-stop/crawl/prd-crawl/20220322_logs/prd_app_css_servers_psa.sh
./start-stop/crawl/prd-crawl/20220322_logs/prd_prcs_prt_servers_psa.sh
./start-stop/crawl/prd-crawl/20220322_logs/prd_app_fs_servers_psa.sh
./start-stop/crawl/prd-crawl/20220322_logs/prd_prcs_fs_servers_psa.sh
./start-stop/crawl/prd-crawl/20220322_logs/prd_prcs_css_servers_psa.sh
./start-stop/crawl/prd-crawl/20220322_logs/prd_app_prt_servers_psa.sh
./start-stop/crawl/prd-crawl/20220322_logs/prd_app_hc_servers_psa.sh
./start-stop/crawl/prd-crawl/20220322_logs/prd_app_crm_servers_psa.sh
./start-stop/crawl/prd-crawl/20220322_logs/prd_prcs_hc_servers_psa.sh
./start-stop/css.status.sh
./start-stop/archives-np/2209-np/np-fs92-prcs.sh
./start-stop/archives-np/2209-np/np_hc92_app.sh
./start-stop/archives-np/2209-np/np_hc92_prcs.sh
./start-stop/archives-np/2209-np/np9.0/np_hc90_app.sh
./start-stop/archives-np/2209-np/np9.0/np_hc90_prcs.sh
./start-stop/archives-np/2209-np/np-fs92-app.sh
./start-stop/archives-np/2211-np/add_echo_date.sh
./start-stop/archives-np/2211-np/ih/np-ih92-prcs.sh
./start-stop/archives-np/2211-np/ih/app50_exec.sh
./start-stop/archives-np/2211-np/ih/np-ih92-prcs50.sh
./start-stop/archives-np/2211-np/ih/app51_exec.sh
./start-stop/archives-np/2211-np/ih/prcs50_exec.sh
./start-stop/archives-np/2211-np/ih/np-ih92-app50.sh
./start-stop/archives-np/2211-np/ih/ver1/np-ih92-prcs50.sh
./start-stop/archives-np/2211-np/ih/ver1/np-ih92-app50.sh
./start-stop/archives-np/2211-np/ih/ver1/np-ih92-app51.sh
./start-stop/archives-np/2211-np/ih/ver1/np-ih92-prcs51.sh
./start-stop/archives-np/2211-np/ih/np-ih92-app51.sh
./start-stop/archives-np/2211-np/ih/np-ih92-prcs51.sh
./start-stop/archives-np/2211-np/ih/prcs51_exec.sh
./start-stop/archives-np/2211-np/ih/np-ih92-app.sh
./start-stop/archives-np/2211-np/fs/app50_exec.sh
./start-stop/archives-np/2211-np/fs/np-fs92-prcs.sh
./start-stop/archives-np/2211-np/fs/app51_exec.sh
./start-stop/archives-np/2211-np/fs/np-fs92-prcs50.sh
./start-stop/archives-np/2211-np/fs/prcs50_exec.sh
./start-stop/archives-np/2211-np/fs/np-fs92-app.sh
./start-stop/archives-np/2211-np/fs/np-fs92-app51.sh
./start-stop/archives-np/2211-np/fs/prcs51_exec.sh
./start-stop/archives-np/2211-np/fs/np-fs92-app50.sh
./start-stop/archives-np/2211-np/fs/np-fs92-prcs51.sh
./start-stop/archives-np/2211-np/cs/app50_exec.sh
./start-stop/archives-np/2211-np/cs/np_cs92_prcs51.sh
./start-stop/archives-np/2211-np/cs/np_cs92_app50.sh
./start-stop/archives-np/2211-np/cs/app51_exec.sh
./start-stop/archives-np/2211-np/cs/prcs50_exec.sh
./start-stop/archives-np/2211-np/cs/np_cs92_app51.sh
./start-stop/archives-np/2211-np/cs/prcs51_exec.sh
./start-stop/archives-np/2211-np/cs/np_cs92_prcs50.sh
./start-stop/archives-np/2211-np/hc/np_hc92_prcs50.sh
./start-stop/archives-np/2211-np/hc/np_hc92_app51.sh
./start-stop/archives-np/2211-np/hc/app50_exec.sh
./start-stop/archives-np/2211-np/hc/np_hc92_app.sh
./start-stop/archives-np/2211-np/hc/np_hc92_prcs.sh
./start-stop/archives-np/2211-np/hc/app51_exec.sh
./start-stop/archives-np/2211-np/hc/prcs50_exec.sh
./start-stop/archives-np/2211-np/hc/np_hc92_prcs51.sh
./start-stop/archives-np/2211-np/hc/prcs51_exec.sh
./start-stop/archives-np/2211-np/hc/np_hc92_app50.sh
./start-stop/archives-np/np/ver2mods/progress2.sh
./start-stop/archives-np/np/ver2mods/mypidchk.sh
./start-stop/archives-np/np/ver2mods/PRT_npd_nohup.sh
./start-stop/archives-np/np/ver2mods/spin.sh
./start-stop/archives-np/np/ver2mods/global_psa_func.ver2.sh
./start-stop/archives-np/np/ver2mods/progress.sh
./start-stop/archives-np/np/statusCSS_npd.sh
./start-stop/archives-np/np/psa.sh
./start-stop/archives-np/np/CM/startCRM_npd_nohup.sh
./start-stop/archives-np/np/CM/statusCRM_npd_nohup.sh
./start-stop/archives-np/np/CM/stopWEBCRM_npd.sh
./start-stop/archives-np/np/CM/psa.sh
./start-stop/archives-np/np/CM/CRM_npd_nohup.sh
./start-stop/archives-np/np/CM/2statusCRM_npd_nohup.sh
./start-stop/archives-np/np/CM/2startCRM_npd_nohup.sh
./start-stop/archives-np/np/CM/startWEBCRM_npd.sh
./start-stop/archives-np/np/CM/stopCRM_npd_nohup.sh
./start-stop/archives-np/np/CM/2stopCRM_npd_nohup.sh
./start-stop/archives-np/np/CM/startCRM_npd.sh
./start-stop/archives-np/np/CM/stopCRM_npd.sh
./start-stop/archives-np/np/CM/alk/start_crm.sh
./start-stop/archives-np/np/CM/statusWEBCRM_npd.sh
./start-stop/archives-np/np/CM/3statusCRM_npd_nohup.sh
./start-stop/archives-np/np/92np/92np_ps_admin_nohup.sh
./start-stop/archives-np/np/92np/92np_set_env.sh
./start-stop/archives-np/np/92np/92np_prcs_admin_nohup.sh
./start-stop/archives-np/np/92np/alk/stop/92np_cs_prcs_stop.sh
./start-stop/archives-np/np/92np/alk/stop/92np_fs_prcs_stop.sh
./start-stop/archives-np/np/92np/alk/stop/92np_ih_app_stop.sh
./start-stop/archives-np/np/92np/alk/stop/92np_hc_app_stop.sh
./start-stop/archives-np/np/92np/alk/stop/92np_fs_app_stop.sh
./start-stop/archives-np/np/92np/alk/stop/92np_ih_prcs_stop.sh
./start-stop/archives-np/np/92np/alk/stop/92np_cs_app_stop.sh
./start-stop/archives-np/np/92np/alk/stop/92np_hc_prcs_stop.sh
./start-stop/archives-np/np/92np/alk/status/92np_hc_app_status.sh
./start-stop/archives-np/np/92np/alk/status/92np_hc_prcs_status.sh
./start-stop/archives-np/np/92np/alk/status/92np_fs_prcs_status.sh
./start-stop/archives-np/np/92np/alk/status/92np_fs_app_status.sh
./start-stop/archives-np/np/92np/alk/status/92np_cs_app_status.sh
./start-stop/archives-np/np/92np/alk/status/92np_ih_app_status.sh
./start-stop/archives-np/np/92np/alk/status/92np_cs_prcs_status.sh
./start-stop/archives-np/np/92np/alk/status/92np_ih_prcs_status.sh
./start-stop/archives-np/np/92np/alk/start/92np_fs_app.sh
./start-stop/archives-np/np/92np/alk/start/92np_hc_app.sh
./start-stop/archives-np/np/92np/alk/start/92np_cs_app.sh
./start-stop/archives-np/np/92np/alk/start/92np_cs_prcs.sh
./start-stop/archives-np/np/92np/alk/start/92np_ih_app.sh
./start-stop/archives-np/np/92np/alk/start/92np_hc_prcs.sh
./start-stop/archives-np/np/92np/alk/start/92np_ih_prcs.sh
./start-stop/archives-np/np/92np/alk/start/92np_fs_prcs.sh
./start-stop/archives-np/np/92np/92np_app_admin_nohup.sh
./start-stop/archives-np/np/92np/geoff/92np_psunx_bolt_commands.sh
./start-stop/archives-np/np/92np/geoff/92np_es_bolt_commands.sh
./start-stop/archives-np/np/92np/geoff/92np_app_bolt_commands.sh
./start-stop/archives-np/np/92np/geoff/92np_ca_bolt_commands.sh
./start-stop/archives-np/np/92np/geoff/92np_web_bolt_commands.sh
./start-stop/archives-np/np/special_start_CSS_np.sh
./start-stop/archives-np/np/PRT/np_prcs_prt_servers_psa.sh
./start-stop/archives-np/np/PRT/np_app_prt_servers_psa.sh
./start-stop/archives-np/np/startWEBCSS_npd.sh
./start-stop/archives-np/np/special_stop_CSS_np.sh
./start-stop/archives-np/np/al.sh
./start-stop/archives-np/np/ver2/HCM_npd_nohup.sh
./start-stop/archives-np/np/ver2/StartCSS_npd.sh
./start-stop/archives-np/np/ver2/global_psa_func.ver1.sh
./start-stop/archives-np/np/ver2/gen_action_scr.sh
./start-stop/archives-np/np/ver2/StopPRT_npd.sh
./start-stop/archives-np/np/ver2/StartCRM_npd.sh
./start-stop/archives-np/np/ver2/StartHCM_npd.sh
./start-stop/archives-np/np/ver2/CRM_npd_nohup.sh
./start-stop/archives-np/np/ver2/StatusCRM_npd.sh
./start-stop/archives-np/np/ver2/StopHCM_npd.sh
./start-stop/archives-np/np/ver2/FIN_npd_nohup.sh
./start-stop/archives-np/np/ver2/StatusHCM_npd.sh
./start-stop/archives-np/np/ver2/StatusFIN_npd.sh
./start-stop/archives-np/np/ver2/PRT_npd_nohup.sh
./start-stop/archives-np/np/ver2/StatusPRT_npd.sh
./start-stop/archives-np/np/ver2/StopCRM_npd.sh
./start-stop/archives-np/np/ver2/StopCSS_npd.sh
./start-stop/archives-np/np/ver2/CSS_npd_nohup.sh
./start-stop/archives-np/np/ver2/StatusCSS_npd.sh
./start-stop/archives-np/np/ver2/StartFIN_npd.sh
./start-stop/archives-np/np/ver2/StopFIN_npd.sh
./start-stop/archives-np/np/ver2/StartPRT_npd.sh
./start-stop/archives-np/np/startCSS_npd.sh
./start-stop/archives-np/np/9.0_FIN/statusWEBFIN_npd.sh
./start-stop/archives-np/np/9.0_FIN/psa.sh
./start-stop/archives-np/np/9.0_FIN/startFIN_npd.sh
./start-stop/archives-np/np/9.0_FIN/startFIN_npd_nohup.sh
./start-stop/archives-np/np/9.0_FIN/stopWEBFIN_npd.sh
./start-stop/archives-np/np/9.0_FIN/stopFIN_npd.sh
./start-stop/archives-np/np/9.0_FIN/statusFIN_npd_nohup.sh
./start-stop/archives-np/np/9.0_FIN/startWEBFIN_npd.sh
./start-stop/archives-np/np/9.0_FIN/psa_bolt.sh
./start-stop/archives-np/np/9.0_FIN/stopFIN_npd_nohup.sh
./start-stop/archives-np/np/9.0_FIN/del.global_psa_bolt_func.sh
./start-stop/archives-np/np/app_statusCSS_npd.sh
./start-stop/archives-np/np/statusWEBCSS_npd.sh
./start-stop/archives-np/np/stopCSS_npd.sh
./start-stop/archives-np/np/prcs_statusCSS_npd.sh
./start-stop/archives-np/np/crawl/app/grepappsrv.sh
./start-stop/archives-np/np/crawl/app/92np_crawl_app.sh
./start-stop/archives-np/np/crawl/app/92np_set_env.sh
./start-stop/archives-np/np/crawl/app/psa-copy.sh
./start-stop/archives-np/np/crawl/app/ssh_remote_copy.sh
./start-stop/archives-np/np/HC/stopHR_npd.sh
./start-stop/archives-np/np/HC/startHR_npd_nohup.sh
./start-stop/archives-np/np/HC/stopWEBHR_npd.sh
./start-stop/archives-np/np/HC/statusWEBHR_npd.sh
./start-stop/archives-np/np/HC/statusHR_npd_nohup.sh
./start-stop/archives-np/np/HC/stopHR_npd_nohup.sh
./start-stop/archives-np/np/HC/psa.sh
./start-stop/archives-np/np/HC/startHR_npd.sh
./start-stop/archives-np/np/HC/startWEBHR_npd.sh
./start-stop/archives-np/np/ver3/HCM_npd_nohup.sh
./start-stop/archives-np/np/ver3/CRM_npd_nohup.sh
./start-stop/archives-np/np/ver3/FIN_npd_nohup.sh
./start-stop/archives-np/np/ver3/PRT_npd_nohup.sh
./start-stop/archives-np/np/ver3/CSS_npd_nohup.sh
./start-stop/archives-np/np/ver3/archive/HCM_npd_nohup.sh
./start-stop/archives-np/np/ver3/archive/CRM_npd_nohup.sh
./start-stop/archives-np/np/ver3/archive/FIN_npd_nohup.sh
./start-stop/archives-np/np/ver3/archive/PRT_npd_nohup.sh
./start-stop/archives-np/np/ver3/archive/CSS_npd_nohup.sh
./start-stop/archives-np/np/ver3/global_psa_func.ver3.sh
./start-stop/archives-np/np/stopWEBCSS_npd.sh
./start-stop/archives-np/np-new/np_psunx_hc92_servers_psa.sh
./start-stop/archives-np/np-new/np_psunx_cs92_servers_psa.sh
./start-stop/archives-np/np-new/np_app_cs92_servers_psa.sh
./start-stop/archives-np/np-new/np_app_crm_servers_psa.sh
./start-stop/archives-np/np-new/np_app_fs92_servers_psa.sh
./start-stop/archives-np/np-new/np_app_hc92_servers_psa.sh
./start-stop/archives-np/np-new/np_app_ih92_servers_psa.sh
./start-stop/archives-np/np-new/np_psunx_fs92_servers_psa.sh
./start-stop/archives-np/np-new/np_psunx_prt_servers_psa.sh
./start-stop/archives-np/np-new/np_app_css_servers_psa.sh
./start-stop/archives-np/np-new/np_psunx_ih92_servers_psa.sh
./start-stop/archives-np/np-new/np_app_prt_servers_psa.sh
./start-stop/archives-np/np-new/np_psunx_css_servers_psa.sh
./start-stop/archives-prd/old.92prd/ih/prd_ih92_app.sh
./start-stop/archives-prd/old.92prd/ih/prd_ih92_prcs.sh
./start-stop/archives-prd/old.92prd/bolt_build_bbl_prd_domains.sh
./start-stop/archives-prd/old.92prd/fs/exec_prd_fs92_app.sh
./start-stop/archives-prd/old.92prd/fs/prd_fs92_app.sh
./start-stop/archives-prd/old.92prd/fs/exec_prd_fs92_prcs.sh
./start-stop/archives-prd/old.92prd/fs/prd_fs92_prcs.sh
./start-stop/archives-prd/old.92prd/bolt_cmd_get_prd_domains.sh
./start-stop/archives-prd/old.92prd/cs/prd_cs92_prcs.sh
./start-stop/archives-prd/old.92prd/cs/exec_prd_cs92_app.sh
./start-stop/archives-prd/old.92prd/cs/prd_cs92_app.sh
./start-stop/archives-prd/old.92prd/cs/exec_prd_cs92_prcs.sh
./start-stop/archives-prd/old.92prd/hc/prd_hc92_app.sh
./start-stop/archives-prd/old.92prd/hc/prd_hc92_prcs.sh
./start-stop/archives-prd/prd/prd_prcs_crm_servers_psa.sh
./start-stop/archives-prd/prd/prd_app_css_servers_psa.sh
./start-stop/archives-prd/prd/prd_prcs_prt_servers_psa.sh
./start-stop/archives-prd/prd/prd_app_fs_servers_psa.sh
./start-stop/archives-prd/prd/prd_prcs_fs_servers_psa.sh
./start-stop/archives-prd/prd/prd_prcs_css_servers_psa.sh
./start-stop/archives-prd/prd/prd_app_prt_servers_psa.sh
./start-stop/archives-prd/prd/prd_app_hc_servers_psa.sh
./start-stop/archives-prd/prd/prd_app_crm_servers_psa.sh
./start-stop/archives-prd/prd/prd_prcs_hc_servers_psa.sh
./start-stop/archives-prd/prd/ver3/crmpr_nohup.sh
./start-stop/archives-prd/prd/ver3/finpr_nohup.sh
./start-stop/archives-prd/prd/ver3/csspr_nohup.sh
./start-stop/archives-prd/prd/ver3/hcmpr_nohup.sh
./start-stop/archives-prd/prd/ver3/prtpr_nohup.sh
./start-stop/archives-prd/prd/ver3/global_psa_func.ver3.sh
./start-stop/archives-prf/prf/hcm_prf_nohup.sh
./start-stop/archives-prf/prf/webprf/prf_hc_web_bolt_status.sh
./start-stop/archives-prf/prf/webprf/prf_hc_web_bolt_start.sh
./start-stop/archives-prf/prf/webprf/dos/prf_web_bolt_status.sh
./start-stop/archives-prf/prf/webprf/dos/prf_web_bolt_stop.sh
./start-stop/archives-prf/prf/webprf/prf_fi_web_bolt_status.sh
./start-stop/archives-prf/prf/webprf/psa.sh
./start-stop/archives-prf/prf/webprf/prf_fi_web_bolt_stop.sh
./start-stop/archives-prf/prf/webprf/prf_web_bolt_status.sh
./start-stop/archives-prf/prf/webprf/prf_ih_web_bolt_status.sh
./start-stop/archives-prf/prf/webprf/prf_fi_web_bolt_start.sh
./start-stop/archives-prf/prf/webprf/prf_ih_web_bolt_stop.sh
./start-stop/archives-prf/prf/webprf/prf_cs_web_bolt_stop.sh
./start-stop/archives-prf/prf/webprf/prf_cs_web_bolt_status.sh
./start-stop/archives-prf/prf/webprf/prf_hc_web_bolt_stop.sh
./start-stop/archives-prf/prf/webprf/prf_ih_web_bolt_start.sh
./start-stop/archives-prf/prf/webprf/prf_cs_web_bolt_start.sh
./start-stop/archives-prf/prf/webprf/bld1.sh
./start-stop/archives-prf/prf/crm_prf_nohup.sh
./start-stop/archives-prf/prf/fin_prf_nohup.sh
./start-stop/archives-prf/prf/ih_prf_nohup.sh
./start-stop/archives-prf/prf/css_prf_nohup.sh
./start-stop/archives-prf/prf/old.prt_prf_nohup.sh
./start-stop/archives-prf/prf/global_psa_func.ver3.sh
./start-stop/92np/add_echo_date.sh
./start-stop/92np/ih/np-ih92-prcs.sh
./start-stop/92np/ih/app50_exec.sh
./start-stop/92np/ih/np-ih92-prcs50.sh
./start-stop/92np/ih/app51_exec.sh
./start-stop/92np/ih/prcs50_exec.sh
./start-stop/92np/ih/np-ih92-app50.sh
./start-stop/92np/ih/ver1/np-ih92-prcs50.sh
./start-stop/92np/ih/ver1/np-ih92-app50.sh
./start-stop/92np/ih/ver1/np-ih92-app51.sh
./start-stop/92np/ih/ver1/np-ih92-prcs51.sh
./start-stop/92np/ih/np-ih92-app51.sh
./start-stop/92np/ih/np-ih92-prcs51.sh
./start-stop/92np/ih/prcs51_exec.sh
./start-stop/92np/ih/np-ih92-app.sh
./start-stop/92np/fs/app50_exec.sh
./start-stop/92np/fs/np-fs92-prcs.sh
./start-stop/92np/fs/app51_exec.sh
./start-stop/92np/fs/np-fs92-prcs50.sh
./start-stop/92np/fs/prcs50_exec.sh
./start-stop/92np/fs/np-fs92-app.sh
./start-stop/92np/fs/np-fs92-app51.sh
./start-stop/92np/fs/prcs51_exec.sh
./start-stop/92np/fs/np-fs92-app50.sh
./start-stop/92np/fs/np-fs92-prcs51.sh
./start-stop/92np/cs/app50_exec.sh
./start-stop/92np/cs/app51_exec.sh
./start-stop/92np/cs/prcs50_exec.sh
./start-stop/92np/cs/prcs51_exec.sh
./start-stop/92np/cs/np_cs92_app50.sh
./start-stop/92np/cs/np_cs92_prcs50.sh
./start-stop/92np/cs/np_cs92_app51.sh
./start-stop/92np/cs/np_cs92_prcs51.sh
./start-stop/92np/hc/app50_exec.sh
./start-stop/92np/hc/np_hc92_app.sh
./start-stop/92np/hc/np_hc92_prcs.sh
./start-stop/92np/hc/app51_exec.sh
./start-stop/92np/hc/prcs50_exec.sh
./start-stop/92np/hc/prcs51_exec.sh
./start-stop/92np/hc/np_hc92_app50.sh
./start-stop/92np/hc/np_hc92_prcs50.sh
./start-stop/92np/hc/np_hc92_app51.sh
./start-stop/92np/hc/np_hc92_prcs51.sh
./start-stop/92np/np_all_domains_chk_owner.sh
./start-stop/92np/np_all_domains_chk_owner2.sh
./start-stop/8.60test/status_prcs.sh
./start-stop/8.60test/status_app.sh
./start-stop/8.60test/start_app.sh
./start-stop/8.60test/stop_app.sh
./start-stop/8.60test/purge_app.sh
./start-stop/8.60test/start_prcs.sh
./start-stop/8.60test/stop_prcs.sh
./start-stop/8.60test/start_web.sh
./start-stop/8.60test/stop_web.sh
./start-stop/8.60test/status_web.sh
./start-stop/92dr/csdr_app_psadmin_cmd.sh
./start-stop/92dr/csdr_prcs_psadmin_cmd.sh
./start-stop/92dr/fsdr_app_prcs_psadmin_cmd.sh
./start-stop/92dr/hcdr_app_prcs_psadmin_cmd.sh
./start-stop/92dr/ihdr_app_prcs_psadmin_cmd.sh
./servers/92prd/jdkver.sh
./servers/92prd/chk_jdk_version.sh
./servers/validate_symlinks.sh
./servers/92prf/from_orig/extract.sh
./servers/symlinks.scripts/prf/create_symlinks_prf.sh
./servers/symlinks.scripts/prd/validate_symlinks.sh
./servers/symlinks.scripts/prd/create_symlinks.sh
./servers/symlinks.scripts/np/validate_symlinks_np.sh
./servers/symlinks.scripts/np/create_symlinks_np.sh
./servers/92dr/build_dr_from_prd_files.sh
./servers/92dr/may2022/rename.sh
./servers/92dr/dr_connect_check.sh
./servers/92dr/bbl.sh
./servers/validate_remote_access.sh
./servers/chk.sh
./servers/build_ansible_hostvars.sh
./servers/build_ansible_hostvars_prd.sh
./servers/build_ansible_hostvars_prf.sh
./servers/build_ansible_hostvars_np.sh
./jre16/gen-rexec-jre-ver.sh
./jre16/v1.gen-rexec-jre-ver.sh
./jre16/run-gen.sh
./jre16/windows/v1.gen-winbat-jre-ver.sh
./jre16/windows/run-win-gen.sh
./jre16/windows/gen-winbat-jre-ver.sh
./jre16/outdir-gen/ssh1.sh
./jre16/outdir-gen/ssh2.sh
./ams-scripts/PERF/al-chk-BBL.sh
./ams-scripts/PERF/reconfigPRC_pf_fin.sh
./ams-scripts/PERF/psa.sh
./ams-scripts/PERF/startPRC_pf_fin.sh
./ams-scripts/PERF/stopPRC_pf_cs.sh
./ams-scripts/PERF/reconfigPRC_pf_hr.sh
./ams-scripts/PERF/startPRC_pf_cs.sh
./ams-scripts/PERF/stopPRC_pf_ep.sh
./ams-scripts/PERF/stopPRC_pf_crm.sh
./ams-scripts/PERF/stopPRC_pf_fin.sh
./ams-scripts/PERF/reconfigPRC_pf_cs.sh
./ams-scripts/PERF/startPRC_pf_hr.sh
./ams-scripts/PERF/stopPRC_pf_hr.sh
./ams-scripts/PERF/reconfigPRC_pf_crm.sh
./ams-scripts/PERF/startPRC_pf_ep.sh
./ams-scripts/orig/startAPP_pf_fin.sh
./ams-scripts/orig/stopWEB_pf_fin.sh
./ams-scripts/orig/startWEB_pf_css.sh
./ams-scripts/orig/stopWEB_pf_hr.sh
./ams-scripts/orig/psa.sh
./ams-scripts/orig/startWEB_pf_fin.sh
./ams-scripts/orig/stopPRC_css.sh
./ams-scripts/orig/startPRC_pf_fin.sh
./ams-scripts/orig/startAPP_pf_ep.sh
./ams-scripts/orig/startWEB_pf_hr.sh
./ams-scripts/orig/startAPP_pf_css.sh
./ams-scripts/orig/stopAPP_pf_ep.sh
./ams-scripts/orig/stopAPP_pf_css.sh
./ams-scripts/orig/stopAPP_pf_hr.sh
./ams-scripts/orig/stopWEB_pf_ep.sh
./ams-scripts/orig/startWEB_pf_ep.sh
./ams-scripts/orig/startAPP_pf_hr.sh
./ams-scripts/orig/stopPRC_pf_ep.sh
./ams-scripts/orig/startPRC_pf_crm.sh
./ams-scripts/orig/stopPRC_pf_crm.sh
./ams-scripts/orig/stopAPP_pf_fin.sh
./ams-scripts/orig/psa1.sh
./ams-scripts/orig/stopPRC_pf_fin.sh
./ams-scripts/orig/stopAPP_pf_crm.sh
./ams-scripts/orig/startPRC_pf_hr.sh
./ams-scripts/orig/purgeAPP_pf_css.sh
./ams-scripts/orig/startAPP_pf_crm.sh
./ams-scripts/orig/stopWEB_pf_css.sh
./ams-scripts/orig/stopPRC_pf_hr.sh
./ams-scripts/orig/startPRC_css.sh
./ams-scripts/orig/startPRC_pf_ep.sh
./ams-scripts/orig/test.sh
./ams-scripts/orig/preloadAPP.sh
./ams-scripts/mark_scripts/Check_Developer_NonProd_LOG_CUSTOM_Directories.sh
./ams-scripts/mark_scripts/Create_Developer_PSHOME_Link.sh
./ams-scripts/mark_scripts/Create_Developer_PSHOME_Mounts.sh
./ams-scripts/mark_scripts/Dismount_Developer_SFTP_Server_mounts.sh
./ams-scripts/mark_scripts/List_Developer_NonProd_LOG_CUSTOM_Directories.sh
./ams-scripts/mark_scripts/SCSI_Mapping.sh
./ams-scripts/mark_scripts/Setup_Developer_NonProd_LOG_Access.sh
./ams-scripts/mark_scripts/Setup_Developer_SFTP_Server_mounts.sh
./92validation/app_env_validation.sh
./92validation/bolt/bolt_cmd_chk_profile.sh
./92validation/bolt/chk_dot_profile.sh
./softlinks/build_softlink_commands.sh
./alk.repo.git/sshidcopy/sshidcopy_1host.sh
./alk.repo.git/sshidcopy/copy_ssh_key.sh
./alk.repo.git/bolt/bolt_cmd_grep_psunx_BBL.sh
./alk.repo.git/bolt/gen-rmtweb.sh
./alk.repo.git/bolt/gen-rmtssh.sh
./alk.repo.git/bolt/bolt_jrejdk_validate.sh
./alk.repo.git/bolt/bolt_list_jrejdk.sh
./alk.repo.git/bolt/1host_BBL.sh
./alk.repo.git/bolt/bolt_cmd__chk_login_92np.sh
./alk.repo.git/bolt/bolt_cmd_build_web_from_etc_hosts.sh
./alk.repo.git/bolt/bolt_jre_validate.sh
./alk.repo.git/bolt/bolt_cmd__chk_login_92prf.sh
./alk.repo.git/bolt/bolt_cmd_grep_BBL.sh
./alk.repo.git/bolt/bolt_cmd_new_chk_login_92prf.sh
./alk.repo.git/bolt/bolt2_web.sh
./alk.repo.git/bolt/bolt_cmd__chk_login_92prd.sh
./alk.repo.git/bolt/bolt_script1.sh
./alk.repo.git/bin/grep_app_BBL.sh
./alk.repo.git/bin/psa.sh
./alk.repo.git/bin/sample_code_check_host.sh
./alk.repo.git/bin/global_func.sh
./alk.repo.git/bin/grep_psunx_BBL.sh
./monitoring/monitoring/chk_pia_login.sh
./monitoring/monitoring/test_sftp_put_get.sh
./monitoring/monitoring/call_curl.sh
./monitoring/monitoring/appcheck.sh
./monitoring/monitoring/archive/chk_pia_login.sh
./monitoring/monitoring/archive/call_curl.sh
./monitoring/monitoring/integration/oemtest.sh
./monitoring/monitoring/integration/oem_hosts_alert_teams.sh
./monitoring/monitoring/integration/oem_psapp_alert_teams_bak.sh
./monitoring/monitoring/integration/oem_psapp_alert_teams.sh
./monitoring/monitoring/integration/oem_db_alert_teams.sh
./bolt/bolt_script_grep_etc_passwd.sh
./bolt/prfweb/bolt_prf_chk_web_patch.sh
./bolt/bolt_cmd_grep_psunx_BBL.sh
./bolt/gen-rmtweb.sh
./bolt/gen-rmtssh.sh
./bolt/bolt_cmd__chk_login_92dr.sh
./bolt/bolt_jrejdk_validate.sh
./bolt/bolt_list_jrejdk.sh
./bolt/1host_BBL.sh
./bolt/bolt_cmd__chk_login_92np.sh
./bolt/bolt_cmd_build_web_from_etc_hosts.sh
./bolt/appdom/get_appdom.sh
./bolt/appdom/bolt_get_appdom.sh
./bolt/appdom/bg.sh
./bolt/bolt_jre_validate.sh
./bolt/92np/bolt_cmd_chk_webconfig_92np.sh
./bolt/92np/bolt_cmd_chk_pshome_92np.sh
./bolt/92np/bolt_cmd_webconfig_92np.sh
./bolt/92np/al_webconfig.sh
./bolt/92np/get_webconfig.sh
./bolt/92np/chk_BBL_92np_full.sh
./bolt/92np/chk_BBL_92np_fin.sh
./bolt/92np/chk_BBL_92np_css.sh
./bolt/92np/bld_user_dom_92np.sh
./bolt/cs92_prd_build/bolt_cs92appcfg_grep.sh
./bolt/cs92_prd_build/bolt_cs92appcfg_sed.sh
./bolt/cs92_prd_build/bolt_cs92pstuxcfg_list.sh
./bolt/prf_web_bolt_stop.sh
./bolt/bolt_cmd__chk_login_92prf.sh
./bolt/prf/bolt_cmd_chk_jre.sh
./bolt/prf/bolt_script_chk_jre.sh
./bolt/prf/copy_jre18_301.sh
./bolt/prf/chkjre.sh
./bolt/bolt_cmd_grep_app_BBL.sh
./bolt/bolt_cmd_grep_BBL.sh
./bolt/bolt_cmd_new_chk_login_92prf.sh
./bolt/bolt2_web.sh
./bolt/prd/bolt_get_webjava.sh
./bolt/prd/bolt_scr_inp.sh
./bolt/prd/get_webjava.sh
./bolt/prd/bolt_get_webcookie.sh
./bolt/prd/webbg2.sh
./bolt/prd/bolt_get_webetchosts.sh
./bolt/prd/get_appcfg.sh
./bolt/prd/webbg.sh
./bolt/prd/get_appdom.sh
./bolt/prd/bolt_scr.sh
./bolt/prd/get_webetchosts.sh
./bolt/prd/webetchostsbg.sh
./bolt/prd/bolt_get_appdom.sh
./bolt/prd/build-scripts/build_submit_bolt_prcs.sh
./bolt/prd/build-scripts/crmpr_nohup.sh
./bolt/prd/build-scripts/finpr_nohup.sh
./bolt/prd/build-scripts/csspr_nohup.sh
./bolt/prd/build-scripts/build_nohup_psa.sh
./bolt/prd/build-scripts/hcmpr_nohup.sh
./bolt/prd/build-scripts/build_submit_bolt_app.sh
./bolt/prd/build-scripts/prtpr_nohup.sh
./bolt/prd/build-scripts/archive/crmpr_nohup.sh
./bolt/prd/build-scripts/archive/finpr_nohup.sh
./bolt/prd/build-scripts/archive/csspr_nohup.sh
./bolt/prd/build-scripts/archive/hcmpr_nohup.sh
./bolt/prd/build-scripts/archive/prtpr_nohup.sh
./bolt/prd/build-scripts/wrapper_psa_template.sh
./bolt/prd/bg.sh
./bolt/prd/get_webcookie.sh
./bolt/prd/bolt_get_weboemtext.sh
./bolt/prd/get_web_oemtext.sh
./bolt/np/chk_np_crm.sh
./bolt/np/1host_BBL.sh
./bolt/np/psunx1.sh
./bolt/np/chk_np_css.sh
./bolt/np/chk_np_fin.sh
./bolt/np/chk_np_hcm.sh
./bolt/np/chk_np_ep.sh
./bolt/np/bolt_chk_BBL.sh
./bolt/bolt_cmd__chk_login_92prd.sh
./bolt/bolt_script1.sh
./bolt/webcookie/bolt_get_webcookie.sh
./bolt/webcookie/webbg.sh
./bolt/webcookie/get_webcookie.sh
./bolt/onetime-requests/bolt_grep_appsrvlog.sh
./bolt/archive/bolt_cmd_grep_BBL.sh
./bin/gblfunc.sh
./bin/grep_app_BBL.sh
./bin/psa.sh
./bin/sample_code_check_host.sh
./bin/sample_code_grep_as_alk.sh
./bin/global_func.sh
./bin/global_psa_func.sh
./bin/bolt_perf_chk_appcfg.sh
./bin/validate_symlinks.sh
./bin/grep_etc_passwd.sh
./bin/psa920.sh
./bin/grep_psunx_BBL.sh
./oem_scripts/templates/addbeacon.sh
./oem_scripts/templates/prcsqcreate.sh
./oem_scripts/templates/groupcreate.sh
./oem_scripts/templates/prcsbulk.sh
./oem_scripts/templates/prcsintcreate.sh
./oem_scripts/templates/appmsgcreate.sh
./oem_scripts/templates/pbulk.sh
./oem_scripts/templates/intbulk.sh
./oem_scripts/templates/prcspcreate.sh
./oem_scripts/templates/qbulk.sh
./oem_scripts/templates/appbulk.sh
./oem_scripts/templates/appcheckcreate.sh
./oem_scripts/templates/msgbulk.sh
./oem_scripts/templates/prcscheckcreate.sh
./al.test.sh
./work/securecrt-import-file/bldimpfile.sh
./work/dm2_bolt_chk_cache858_cmds.sh
./work/dm2_bolt_webprof.sh
./work/getcurdir.sh
./work/incr2.sh
./work/test_param_Expansion.sh
./work/build_rm_cache_cmds.sh
./work/enumerate.sh
./work/pids.sh
./work/dm2_bolt_rm_cache_cmds.sh
./work/print_to_chr_position.sh
./work/optarg.sh
./work/build_bolt_rm_cache_cmds.sh
./work/for_sw_mon/getappdom.sh
./work/for_sw_mon/chk_reg29_jars/chk_reg29_jarfiles.sh
./work/bolt_webprof.sh
./work/incr.sh
./work/build_bolt_chk_webprof.sh
./work/redirect.sh
./work/apphome_pick/apphome_pick.sh
./work/test/awk3read-option-ifs-r.sh
./work/test/3read-option-ifs-r.sh
./work/test/awk2read-option-ifs-r.sh
./work/test/cat_bldfile.sh
./work/test/1read-option-ifs-r.sh
./work/test/echotab.sh
./work/test/whiledo.sh
./work/test/2read-option-ifs-r.sh
./work/test/awk1read-option-ifs-r.sh
./work/test/chkfile_cnt_and_output.sh
./work/test/sourced_or_not/alk1.sh
./work/test/bld_host_patterns/np_new.sh
./work/test/bld_host_patterns/ssh_test.sh
./work/bash_profile_update/1.sh
./work/bash_profile_update/prd_86014_validate1.sh
./work/bash_profile_update/bolt_prd_86014_validate1.sh
./work/sandbox/while_test/al_while_test.sh
./work/sandbox/grep_tests/bolt.test.sh
./work/sandbox/grep_tests/skip_hash_comments.sh
./work/sandbox/getcwr_tests/cwr1.sh
./work/sandbox/gblfunc_tests/filedir.sh
./work/sandbox/gblfunc_tests/colortest.sh
./work/sandbox/find_exercises/dir1/scripts/myscript.sh
./work/sandbox/find_exercises/dir2/test/myscript.sh
./work/sandbox/var_expansion/var_replace.sh
./work/sandbox/var_expansion/var_delete.sh
./work/sandbox/var_expansion/var_unset.sh
./work/sandbox/var_expansion/var_changecase.sh
./work/sandbox/var_expansion/signals.sh
./work/sandbox/var_expansion/var_strlen.sh
./work/sandbox/var_expansion/var_substr.sh
./work/sandbox/leafnodetest/leafnode1.sh
./work/al1.sh
./psae/psae_version_CNYCMPRD.sh
./psae/psae_aeminitesti2.sh
./psae/psae_version_CNYEPPRD.sh
./psae/psae_version_CNYHCPRD.sh
./psae/psae_aeminitest.sh
./psae/psae_version_CNYFSPRD.sh
./psae/psae_version_CNYCSPRD.sh
./psae/archive/psae_aeminitesti2.sh
./psae/archive/psae_aeminitest.sh
./chkstatus/stats_app_web/plaintextemail/plaintextemail_merged_app_web_stats.sh
./chkstatus/stats_app_web/merged/v1.merged_app_web_stats.sh
./chkstatus/stats_app_web/merged/merged_app_web_stats.sh
./chkstatus/stats_app_web/merged/saved.v2.merged_app_web_stats.sh
./chkstatus/stats_app_web/merged/saved.dec5-2023.merged_app_web_stats.sh
./chkstatus/stats_app_web/merged/stats_appserv_bbl_cnts.sh
./chkstatus/stats_app_web/merged/stats_web.sh
./chkstatus/stats_app_web/web_stats/get_etc_hosts_users.sh
./chkstatus/stats_app_web/web_stats/test_bolt.sh
./chkstatus/stats_app_web/web_stats/stats_web.sh
./chkstatus/stats_app_web/waitpid/oldway.spawn.script.waitpid_merged_app_web_stats.sh
./chkstatus/stats_app_web/waitpid/waitpid_merged_app_web_stats.sh
./chkstatus/stats_app_web/htmlemail/original.noretries.email_app_web_stats.sh
./chkstatus/stats_app_web/htmlemail/retrylogic/retry_email_app_web_stats.sh
./chkstatus/stats_app_web/htmlemail/prototypes/withbrtag.htmlmail_app_web_stats.sh
./chkstatus/stats_app_web/htmlemail/prototypes/nobrtag.mail_app_web_stats.sh
./chkstatus/stats_app_web/htmlemail/prototypes/screen_plus_email_merged_app_web_stats.sh
./chkstatus/stats_app_web/htmlemail/prototypes/htmlemailprototype1.sh
./chkstatus/stats_app_web/htmlemail/email_app_web_stats.sh
./chkstatus/stats_app_web/htmlemail/alk.email_app_web_stats.sh
./chkstatus/stats_app_web/app_bbl_stats/statsv3/stats_appserv_bbl_cnts3.sh
./chkstatus/stats_app_web/app_bbl_stats/statsv2/gblfunc.sh
./chkstatus/stats_app_web/app_bbl_stats/statsv2/stats_appserv_bbl_cnts2.sh
./chkstatus/stats_app_web/app_bbl_stats/stats_appserv_bbl_cnts.sh
./chkstatus/stats_app_web/add_perf/merged_app_web_stats_prdprf.sh
./chkstatus/email_notifiations/5sendmailbody.sh
./chkstatus/email_notifiations/sample1.sh
./chkstatus/email_notifiations/4sendmailbody.sh
./chkstatus/email_notifiations/3sendmailbody.sh
./chkstatus/email_notifiations/2sendmail.sh
./chkstatus/appprcs_chk_BBL.sh
./chkstatus/app_chk_BBL.sh
./chkstatus/web_chk_javaPIA.sh
./chkstatus/app_appserv_bbl_cnts.sh
./chkstatus/chk_recycle_log.sh
./chkstatus/parse_appsrvcnt_out.sh
./chkstatus/psunx_chk_BBL.sh
./chkstatus/srchindex/srchindstats.sh
./test.sh
./srchindex/al1.sh
./srchindex/work/15-validate-access.sh
./srchindex/work/gather_prd_indices.sh
./srchindex/work/11-init_ind_lists.sh
./srchindex/work/srchindstat2.sh
./srchindex/work/20-build_html_table.sh
./srchindex/work/srchindstats.sh
./srchindex/work/srchindstat1.sh
./srchindex/work/archive/ver3.01-srchindstats.sh
./srchindex/work/archive/ver2.01-srchindstats.sh
./srchindex/work/archive/ver1.01-srchindstats.sh
./srchindex/work/prd/prd_gather_prd_indices.sh
./srchindex/work/prf/prf_gather_prd_indices.sh
./srchindex/work/10-init_ind_lists.sh
./srchindex/work/30-parsestats.sh
./srchindex/gather_csug1_stats.sh
./srchindex/shards/totshards.sh
./srchindex/shards/indxstats.sh
./srchindex/hcm_srch_build_prcs/hcpst_app_indx_build_rate.sh
./srchindex/hcm_srch_build_prcs/2hcpst_app_indx_build_rate.sh
./DPK_deployments/pt86007/exec_dpk.sh
./patching_cpu/oct2021cpu/prd/prd_oct21_jre_validate.sh
./patching_cpu/oct2021cpu/prd/prd_oct21_jre_copy.sh
./patching_cpu/oct2021cpu/prd/prd_oct21_jdk_validate.sh
./patching_cpu/oct2021cpu/prd/prd_oct21_jdk_copy.sh
./patching_cpu/oct2021cpu/dr/dr_chk_jdk1.7_321.sh
./patching_cpu/oct2021cpu/dr/dr_oct21_jre_validate.sh
./patching_cpu/oct2021cpu/dr/dr_chk_jre1.7_321.sh
./patching_cpu/oct2021cpu/dr/dr_oct21_jre_copy.sh
./patching_cpu/oct2021cpu/dr/dr_oct21_jdk_validate.sh
./patching_cpu/oct2021cpu/dr/dr_oct21_jdk_copy.sh
./patching_cpu/july21cpu/tail_applog.sh
./patching_cpu/july21cpu/no-bolt-dr/bolt-app1.sh
./patching_cpu/july21cpu/no-bolt-dr/psunx1.sh
./patching_cpu/july21cpu/no-bolt-dr/dr_web_jdk_bolt.sh
./patching_cpu/july21cpu/no-bolt-dr/dr_psunx_jre_bolt.sh
./patching_cpu/july21cpu/no-bolt-dr/dr_app_jre_bolt.sh
./patching_cpu/july21cpu/no-bolt-dr/validations/chk_jdk_folder.sh
./patching_cpu/july21cpu/no-bolt-dr/validations/chk_jre_folder.sh
./patching_cpu/july21cpu/reconfig_app.sh
./patching_cpu/july21cpu/copyjre_appsrv.sh
./patching_cpu/july21cpu/bolt-prd/bolt-app1.sh
./patching_cpu/july21cpu/bolt-prd/psunx1.sh
./patching_cpu/july21cpu/bolt-prd/prd_app_jre_bolt.sh
./patching_cpu/july21cpu/bolt-prd/jre-softlink/jre_softlink2.sh
./patching_cpu/july21cpu/bolt-prd/jre-softlink/al1.sh
./patching_cpu/july21cpu/bolt-prd/jre-softlink/al.sh
./patching_cpu/july21cpu/bolt-prd/jre-softlink/jre_softlink.sh
./patching_cpu/july21cpu/bolt-prd/validations/chk_jdk_folder.sh
./patching_cpu/july21cpu/bolt-prd/validations/chk_jre_folder.sh
./patching_cpu/july21cpu/bolt-prd/prd_web_jdk_bolt.sh
./patching_cpu/july21cpu/bolt-prd/prd_psunx_jre_bolt.sh
./patching_cpu/july21cpu/chk_appdom.sh
./patching_cpu/july21cpu/gen_tail.sh
./patching_cpu/july21cpu/bolt/gen-rmtweb.sh
./patching_cpu/july21cpu/bolt/gen-rmtssh.sh
./patching_cpu/july21cpu/bolt/bolt1.sh
./patching_cpu/july21cpu/bolt/bolt2_web.sh
./patching_cpu/july21cpu/list_appusers.sh
